[26-Jan-2026 14:13:30 UTC] PHP Warning:  Module "curl" is already loaded in Unknown on line 0
[26-Jan-2026 14:13:30 UTC] PHP Warning:  Module "fileinfo" is already loaded in Unknown on line 0
[26-Jan-2026 14:13:30 UTC] PHP Warning:  Module "mbstring" is already loaded in Unknown on line 0
[26-Jan-2026 14:13:30 UTC] PHP Warning:  PHP Startup: Unable to load dynamic library 'openssl' (tried: /usr/local/lib/php/extensions/no-debug-non-zts-20220829/openssl (/usr/local/lib/php/extensions/no-debug-non-zts-20220829/openssl: cannot open shared object file: No such file or directory), /usr/local/lib/php/extensions/no-debug-non-zts-20220829/openssl.so (/usr/local/lib/php/extensions/no-debug-non-zts-20220829/openssl.so: cannot open shared object file: No such file or directory)) in Unknown on line 0
[26-Jan-2026 14:13:30 UTC] PHP Warning:  Module "pdo_mysql" is already loaded in Unknown on line 0
[26-Jan-2026 14:13:30 UTC] PHP Warning:  Module "sockets" is already loaded in Unknown on line 0
[26-Jan-2026 14:13:30 UTC] Xdebug: [Config] The setting 'xdebug.remote_connect_back' has been renamed, see the upgrading guide at https://xdebug.org/docs/upgrade_guide#changed-xdebug.remote_connect_back (See: https://xdebug.org/docs/errors#CFG-C-CHANGED)
[26-Jan-2026 14:17:28 UTC] PHP Warning:  Module "curl" is already loaded in Unknown on line 0
[26-Jan-2026 14:17:28 UTC] PHP Warning:  Module "fileinfo" is already loaded in Unknown on line 0
[26-Jan-2026 14:17:28 UTC] PHP Warning:  Module "mbstring" is already loaded in Unknown on line 0
[26-Jan-2026 14:17:28 UTC] PHP Warning:  PHP Startup: Unable to load dynamic library 'openssl' (tried: /usr/local/lib/php/extensions/no-debug-non-zts-20220829/openssl (/usr/local/lib/php/extensions/no-debug-non-zts-20220829/openssl: cannot open shared object file: No such file or directory), /usr/local/lib/php/extensions/no-debug-non-zts-20220829/openssl.so (/usr/local/lib/php/extensions/no-debug-non-zts-20220829/openssl.so: cannot open shared object file: No such file or directory)) in Unknown on line 0
[26-Jan-2026 14:17:28 UTC] PHP Warning:  Module "pdo_mysql" is already loaded in Unknown on line 0
[26-Jan-2026 14:17:28 UTC] PHP Warning:  Module "sockets" is already loaded in Unknown on line 0
[26-Jan-2026 14:17:28 UTC] Xdebug: [Config] The setting 'xdebug.remote_connect_back' has been renamed, see the upgrading guide at https://xdebug.org/docs/upgrade_guide#changed-xdebug.remote_connect_back (See: https://xdebug.org/docs/errors#CFG-C-CHANGED)
[26-Jan-2026 14:22:09 UTC] PHP Warning:  Module "curl" is already loaded in Unknown on line 0
[26-Jan-2026 14:22:09 UTC] PHP Warning:  Module "fileinfo" is already loaded in Unknown on line 0
[26-Jan-2026 14:22:09 UTC] PHP Warning:  Module "mbstring" is already loaded in Unknown on line 0
[26-Jan-2026 14:22:09 UTC] PHP Warning:  PHP Startup: Unable to load dynamic library 'openssl' (tried: /usr/local/lib/php/extensions/no-debug-non-zts-20220829/openssl (/usr/local/lib/php/extensions/no-debug-non-zts-20220829/openssl: cannot open shared object file: No such file or directory), /usr/local/lib/php/extensions/no-debug-non-zts-20220829/openssl.so (/usr/local/lib/php/extensions/no-debug-non-zts-20220829/openssl.so: cannot open shared object file: No such file or directory)) in Unknown on line 0
[26-Jan-2026 14:22:09 UTC] PHP Warning:  Module "pdo_mysql" is already loaded in Unknown on line 0
[26-Jan-2026 14:22:09 UTC] PHP Warning:  Module "sockets" is already loaded in Unknown on line 0
[26-Jan-2026 14:22:09 UTC] Xdebug: [Config] The setting 'xdebug.remote_connect_back' has been renamed, see the upgrading guide at https://xdebug.org/docs/upgrade_guide#changed-xdebug.remote_connect_back (See: https://xdebug.org/docs/errors#CFG-C-CHANGED)
[26-Jan-2026 14:23:57 UTC] PHP Warning:  Module "curl" is already loaded in Unknown on line 0
[26-Jan-2026 14:23:57 UTC] PHP Warning:  Module "fileinfo" is already loaded in Unknown on line 0
[26-Jan-2026 14:23:57 UTC] PHP Warning:  Module "mbstring" is already loaded in Unknown on line 0
[26-Jan-2026 14:23:57 UTC] PHP Warning:  PHP Startup: Unable to load dynamic library 'openssl' (tried: /usr/local/lib/php/extensions/no-debug-non-zts-20220829/openssl (/usr/local/lib/php/extensions/no-debug-non-zts-20220829/openssl: cannot open shared object file: No such file or directory), /usr/local/lib/php/extensions/no-debug-non-zts-20220829/openssl.so (/usr/local/lib/php/extensions/no-debug-non-zts-20220829/openssl.so: cannot open shared object file: No such file or directory)) in Unknown on line 0
[26-Jan-2026 14:23:58 UTC] PHP Warning:  Module "pdo_mysql" is already loaded in Unknown on line 0
[26-Jan-2026 14:23:58 UTC] PHP Warning:  Module "sockets" is already loaded in Unknown on line 0
[26-Jan-2026 14:23:58 UTC] Xdebug: [Config] The setting 'xdebug.remote_connect_back' has been renamed, see the upgrading guide at https://xdebug.org/docs/upgrade_guide#changed-xdebug.remote_connect_back (See: https://xdebug.org/docs/errors#CFG-C-CHANGED)
[26-Jan-2026 14:25:26 UTC] PHP Warning:  Module "curl" is already loaded in Unknown on line 0
[26-Jan-2026 14:25:26 UTC] PHP Warning:  Module "fileinfo" is already loaded in Unknown on line 0
[26-Jan-2026 14:25:26 UTC] PHP Warning:  Module "mbstring" is already loaded in Unknown on line 0
[26-Jan-2026 14:25:26 UTC] PHP Warning:  PHP Startup: Unable to load dynamic library 'openssl' (tried: /usr/local/lib/php/extensions/no-debug-non-zts-20220829/openssl (/usr/local/lib/php/extensions/no-debug-non-zts-20220829/openssl: cannot open shared object file: No such file or directory), /usr/local/lib/php/extensions/no-debug-non-zts-20220829/openssl.so (/usr/local/lib/php/extensions/no-debug-non-zts-20220829/openssl.so: cannot open shared object file: No such file or directory)) in Unknown on line 0
[26-Jan-2026 14:25:26 UTC] PHP Warning:  Module "pdo_mysql" is already loaded in Unknown on line 0
[26-Jan-2026 14:25:26 UTC] PHP Warning:  Module "sockets" is already loaded in Unknown on line 0
[26-Jan-2026 14:25:26 UTC] Xdebug: [Config] The setting 'xdebug.remote_connect_back' has been renamed, see the upgrading guide at https://xdebug.org/docs/upgrade_guide#changed-xdebug.remote_connect_back (See: https://xdebug.org/docs/errors#CFG-C-CHANGED)
[26-Jan-2026 14:26:31 UTC] PHP Warning:  Module "curl" is already loaded in Unknown on line 0
[26-Jan-2026 14:26:31 UTC] PHP Warning:  Module "fileinfo" is already loaded in Unknown on line 0
[26-Jan-2026 14:26:31 UTC] PHP Warning:  Module "mbstring" is already loaded in Unknown on line 0
[26-Jan-2026 14:26:31 UTC] PHP Warning:  PHP Startup: Unable to load dynamic library 'openssl' (tried: /usr/local/lib/php/extensions/no-debug-non-zts-20220829/openssl (/usr/local/lib/php/extensions/no-debug-non-zts-20220829/openssl: cannot open shared object file: No such file or directory), /usr/local/lib/php/extensions/no-debug-non-zts-20220829/openssl.so (/usr/local/lib/php/extensions/no-debug-non-zts-20220829/openssl.so: cannot open shared object file: No such file or directory)) in Unknown on line 0
[26-Jan-2026 14:26:31 UTC] PHP Warning:  Module "pdo_mysql" is already loaded in Unknown on line 0
[26-Jan-2026 14:26:31 UTC] PHP Warning:  Module "sockets" is already loaded in Unknown on line 0
[26-Jan-2026 14:26:31 UTC] Xdebug: [Config] The setting 'xdebug.remote_connect_back' has been renamed, see the upgrading guide at https://xdebug.org/docs/upgrade_guide#changed-xdebug.remote_connect_back (See: https://xdebug.org/docs/errors#CFG-C-CHANGED)
[26-Jan-2026 15:21:21 UTC] PHP Warning:  Module "curl" is already loaded in Unknown on line 0
[26-Jan-2026 15:21:21 UTC] PHP Warning:  Module "fileinfo" is already loaded in Unknown on line 0
[26-Jan-2026 15:21:21 UTC] PHP Warning:  Module "mbstring" is already loaded in Unknown on line 0
[26-Jan-2026 15:21:21 UTC] PHP Warning:  PHP Startup: Unable to load dynamic library 'openssl' (tried: /usr/local/lib/php/extensions/no-debug-non-zts-20220829/openssl (/usr/local/lib/php/extensions/no-debug-non-zts-20220829/openssl: cannot open shared object file: No such file or directory), /usr/local/lib/php/extensions/no-debug-non-zts-20220829/openssl.so (/usr/local/lib/php/extensions/no-debug-non-zts-20220829/openssl.so: cannot open shared object file: No such file or directory)) in Unknown on line 0
[26-Jan-2026 15:21:21 UTC] PHP Warning:  Module "pdo_mysql" is already loaded in Unknown on line 0
[26-Jan-2026 15:21:21 UTC] PHP Warning:  Module "sockets" is already loaded in Unknown on line 0
[26-Jan-2026 15:21:21 UTC] Xdebug: [Config] The setting 'xdebug.remote_connect_back' has been renamed, see the upgrading guide at https://xdebug.org/docs/upgrade_guide#changed-xdebug.remote_connect_back (See: https://xdebug.org/docs/errors#CFG-C-CHANGED)
[27-Jan-2026 07:15:04 UTC] PHP Warning:  Module "curl" is already loaded in Unknown on line 0
[27-Jan-2026 07:15:04 UTC] PHP Warning:  Module "fileinfo" is already loaded in Unknown on line 0
[27-Jan-2026 07:15:04 UTC] PHP Warning:  Module "mbstring" is already loaded in Unknown on line 0
[27-Jan-2026 07:15:04 UTC] PHP Warning:  PHP Startup: Unable to load dynamic library 'openssl' (tried: /usr/local/lib/php/extensions/no-debug-non-zts-20220829/openssl (/usr/local/lib/php/extensions/no-debug-non-zts-20220829/openssl: cannot open shared object file: No such file or directory), /usr/local/lib/php/extensions/no-debug-non-zts-20220829/openssl.so (/usr/local/lib/php/extensions/no-debug-non-zts-20220829/openssl.so: cannot open shared object file: No such file or directory)) in Unknown on line 0
[27-Jan-2026 07:15:04 UTC] PHP Warning:  Module "pdo_mysql" is already loaded in Unknown on line 0
[27-Jan-2026 07:15:04 UTC] PHP Warning:  Module "sockets" is already loaded in Unknown on line 0
[27-Jan-2026 07:15:04 UTC] Xdebug: [Config] The setting 'xdebug.remote_connect_back' has been renamed, see the upgrading guide at https://xdebug.org/docs/upgrade_guide#changed-xdebug.remote_connect_back (See: https://xdebug.org/docs/errors#CFG-C-CHANGED)
[27-Jan-2026 09:45:06 UTC] PHP Warning:  Module "curl" is already loaded in Unknown on line 0
[27-Jan-2026 09:45:06 UTC] PHP Warning:  Module "fileinfo" is already loaded in Unknown on line 0
[27-Jan-2026 09:45:06 UTC] PHP Warning:  Module "mbstring" is already loaded in Unknown on line 0
[27-Jan-2026 09:45:06 UTC] PHP Warning:  PHP Startup: Unable to load dynamic library 'openssl' (tried: /usr/local/lib/php/extensions/no-debug-non-zts-20220829/openssl (/usr/local/lib/php/extensions/no-debug-non-zts-20220829/openssl: cannot open shared object file: No such file or directory), /usr/local/lib/php/extensions/no-debug-non-zts-20220829/openssl.so (/usr/local/lib/php/extensions/no-debug-non-zts-20220829/openssl.so: cannot open shared object file: No such file or directory)) in Unknown on line 0
[27-Jan-2026 09:45:06 UTC] PHP Warning:  Module "pdo_mysql" is already loaded in Unknown on line 0
[27-Jan-2026 09:45:06 UTC] PHP Warning:  Module "sockets" is already loaded in Unknown on line 0
[27-Jan-2026 09:45:06 UTC] Xdebug: [Config] The setting 'xdebug.remote_connect_back' has been renamed, see the upgrading guide at https://xdebug.org/docs/upgrade_guide#changed-xdebug.remote_connect_back (See: https://xdebug.org/docs/errors#CFG-C-CHANGED)
[27-Jan-2026 10:10:00 UTC] PHP Warning:  Undefined array key "elab" in /var/www/html/preleva_elaborazioni.php on line 18
[27-Jan-2026 10:10:00 UTC] PHP Stack trace:
[27-Jan-2026 10:10:00 UTC] PHP   1. {main}() /var/www/html/preleva_elaborazioni.php:0
[29-Jan-2026 10:34:01 UTC] PHP Warning:  Module "curl" is already loaded in Unknown on line 0
[29-Jan-2026 10:34:01 UTC] PHP Warning:  Module "fileinfo" is already loaded in Unknown on line 0
[29-Jan-2026 10:34:01 UTC] PHP Warning:  Module "mbstring" is already loaded in Unknown on line 0
[29-Jan-2026 10:34:01 UTC] PHP Warning:  PHP Startup: Unable to load dynamic library 'openssl' (tried: /usr/local/lib/php/extensions/no-debug-non-zts-20220829/openssl (/usr/local/lib/php/extensions/no-debug-non-zts-20220829/openssl: cannot open shared object file: No such file or directory), /usr/local/lib/php/extensions/no-debug-non-zts-20220829/openssl.so (/usr/local/lib/php/extensions/no-debug-non-zts-20220829/openssl.so: cannot open shared object file: No such file or directory)) in Unknown on line 0
[29-Jan-2026 10:34:01 UTC] PHP Warning:  Module "pdo_mysql" is already loaded in Unknown on line 0
[29-Jan-2026 10:34:01 UTC] PHP Warning:  Module "sockets" is already loaded in Unknown on line 0
[29-Jan-2026 10:34:01 UTC] Xdebug: [Config] The setting 'xdebug.remote_connect_back' has been renamed, see the upgrading guide at https://xdebug.org/docs/upgrade_guide#changed-xdebug.remote_connect_back (See: https://xdebug.org/docs/errors#CFG-C-CHANGED)
[29-Jan-2026 10:38:39 UTC] PHP Warning:  Undefined array key "elab" in /var/www/html/preleva_elaborazioni.php on line 18
[29-Jan-2026 10:38:39 UTC] PHP Stack trace:
[29-Jan-2026 10:38:39 UTC] PHP   1. {main}() /var/www/html/preleva_elaborazioni.php:0
[29-Jan-2026 10:39:05 UTC] PHP Warning:  Undefined array key "elab" in /var/www/html/preleva_elaborazioni.php on line 18
[29-Jan-2026 10:39:05 UTC] PHP Stack trace:
[29-Jan-2026 10:39:05 UTC] PHP   1. {main}() /var/www/html/preleva_elaborazioni.php:0
[29-Jan-2026 10:45:01 UTC] PHP Warning:  Undefined array key "elab" in /var/www/html/preleva_elaborazioni.php on line 18
[29-Jan-2026 10:45:01 UTC] PHP Stack trace:
[29-Jan-2026 10:45:01 UTC] PHP   1. {main}() /var/www/html/preleva_elaborazioni.php:0
[29-Jan-2026 10:45:24 UTC] PHP Warning:  Undefined array key "elab" in /var/www/html/preleva_elaborazioni.php on line 18
[29-Jan-2026 10:45:24 UTC] PHP Stack trace:
[29-Jan-2026 10:45:24 UTC] PHP   1. {main}() /var/www/html/preleva_elaborazioni.php:0
[29-Jan-2026 10:45:52 UTC] PHP Warning:  Undefined array key "elab" in /var/www/html/preleva_elaborazioni.php on line 18
[29-Jan-2026 10:45:52 UTC] PHP Stack trace:
[29-Jan-2026 10:45:52 UTC] PHP   1. {main}() /var/www/html/preleva_elaborazioni.php:0
[29-Jan-2026 10:47:36 UTC] PHP Warning:  Undefined array key "elab" in /var/www/html/preleva_elaborazioni.php on line 18
[29-Jan-2026 10:47:36 UTC] PHP Stack trace:
[29-Jan-2026 10:47:36 UTC] PHP   1. {main}() /var/www/html/preleva_elaborazioni.php:0
[29-Jan-2026 10:47:36 UTC] PHP Warning:  Trying to access array offset on value of type null in /var/www/html/preleva_elaborazioni.php on line 18
[29-Jan-2026 10:47:36 UTC] PHP Stack trace:
[29-Jan-2026 10:47:36 UTC] PHP   1. {main}() /var/www/html/preleva_elaborazioni.php:0
[29-Jan-2026 10:53:31 UTC] Xdebug: [Step Debug] Could not connect to debugging client. Tried: host.docker.internal:9005 (through xdebug.client_host/xdebug.client_port).
[29-Jan-2026 10:53:31 UTC] PHP Warning:  Undefined array key "elab" in /var/www/html/preleva_elaborazioni.php on line 18
[29-Jan-2026 10:53:31 UTC] PHP Stack trace:
[29-Jan-2026 10:53:31 UTC] PHP   1. {main}() /var/www/html/preleva_elaborazioni.php:0
[29-Jan-2026 10:53:31 UTC] PHP Warning:  Trying to access array offset on value of type null in /var/www/html/preleva_elaborazioni.php on line 18
[29-Jan-2026 10:53:31 UTC] PHP Stack trace:
[29-Jan-2026 10:53:31 UTC] PHP   1. {main}() /var/www/html/preleva_elaborazioni.php:0
[29-Jan-2026 10:53:43 UTC] Xdebug: [Step Debug] Could not connect to debugging client. Tried: host.docker.internal:9005 (through xdebug.client_host/xdebug.client_port).
[29-Jan-2026 10:53:44 UTC] PHP Warning:  Undefined array key "elab" in /var/www/html/preleva_elaborazioni.php on line 18
[29-Jan-2026 10:53:44 UTC] PHP Stack trace:
[29-Jan-2026 10:53:44 UTC] PHP   1. {main}() /var/www/html/preleva_elaborazioni.php:0
[29-Jan-2026 10:53:44 UTC] PHP Warning:  Trying to access array offset on value of type null in /var/www/html/preleva_elaborazioni.php on line 18
[29-Jan-2026 10:53:44 UTC] PHP Stack trace:
[29-Jan-2026 10:53:44 UTC] PHP   1. {main}() /var/www/html/preleva_elaborazioni.php:0
[29-Jan-2026 10:54:21 UTC] PHP Warning:  Undefined array key "elab" in /var/www/html/preleva_elaborazioni.php on line 18
[29-Jan-2026 10:54:21 UTC] PHP Stack trace:
[29-Jan-2026 10:54:21 UTC] PHP   1. {main}() /var/www/html/preleva_elaborazioni.php:0
[29-Jan-2026 10:54:21 UTC] PHP Warning:  Trying to access array offset on value of type null in /var/www/html/preleva_elaborazioni.php on line 18
[29-Jan-2026 10:54:21 UTC] PHP Stack trace:
[29-Jan-2026 10:54:21 UTC] PHP   1. {main}() /var/www/html/preleva_elaborazioni.php:0
[29-Jan-2026 11:43:52 UTC] PHP Warning:  Module "curl" is already loaded in Unknown on line 0
[29-Jan-2026 11:43:52 UTC] PHP Warning:  Module "fileinfo" is already loaded in Unknown on line 0
[29-Jan-2026 11:43:52 UTC] PHP Warning:  Module "mbstring" is already loaded in Unknown on line 0
[29-Jan-2026 11:43:52 UTC] PHP Warning:  PHP Startup: Unable to load dynamic library 'openssl' (tried: /usr/local/lib/php/extensions/no-debug-non-zts-20220829/openssl (/usr/local/lib/php/extensions/no-debug-non-zts-20220829/openssl: cannot open shared object file: No such file or directory), /usr/local/lib/php/extensions/no-debug-non-zts-20220829/openssl.so (/usr/local/lib/php/extensions/no-debug-non-zts-20220829/openssl.so: cannot open shared object file: No such file or directory)) in Unknown on line 0
[29-Jan-2026 11:43:52 UTC] PHP Warning:  Module "pdo_mysql" is already loaded in Unknown on line 0
[29-Jan-2026 11:43:52 UTC] PHP Warning:  Module "sockets" is already loaded in Unknown on line 0
[29-Jan-2026 11:43:52 UTC] Xdebug: [Config] The setting 'xdebug.remote_connect_back' has been renamed, see the upgrading guide at https://xdebug.org/docs/upgrade_guide#changed-xdebug.remote_connect_back (See: https://xdebug.org/docs/errors#CFG-C-CHANGED)
[29-Jan-2026 13:29:47 UTC] PHP Warning:  Module "curl" is already loaded in Unknown on line 0
[29-Jan-2026 13:29:47 UTC] PHP Warning:  Module "fileinfo" is already loaded in Unknown on line 0
[29-Jan-2026 13:29:47 UTC] PHP Warning:  Module "mbstring" is already loaded in Unknown on line 0
[29-Jan-2026 13:29:47 UTC] PHP Warning:  PHP Startup: Unable to load dynamic library 'openssl' (tried: /usr/local/lib/php/extensions/no-debug-non-zts-20220829/openssl (/usr/local/lib/php/extensions/no-debug-non-zts-20220829/openssl: cannot open shared object file: No such file or directory), /usr/local/lib/php/extensions/no-debug-non-zts-20220829/openssl.so (/usr/local/lib/php/extensions/no-debug-non-zts-20220829/openssl.so: cannot open shared object file: No such file or directory)) in Unknown on line 0
[29-Jan-2026 13:29:47 UTC] PHP Warning:  Module "pdo_mysql" is already loaded in Unknown on line 0
[29-Jan-2026 13:29:47 UTC] PHP Warning:  Module "sockets" is already loaded in Unknown on line 0
[29-Jan-2026 13:29:48 UTC] Xdebug: [Config] The setting 'xdebug.remote_connect_back' has been renamed, see the upgrading guide at https://xdebug.org/docs/upgrade_guide#changed-xdebug.remote_connect_back (See: https://xdebug.org/docs/errors#CFG-C-CHANGED)
[21-Apr-2026 12:10:33 UTC] PHP Warning:  Module "curl" is already loaded in Unknown on line 0
[21-Apr-2026 12:10:33 UTC] PHP Warning:  Module "fileinfo" is already loaded in Unknown on line 0
[21-Apr-2026 12:10:33 UTC] PHP Warning:  Module "mbstring" is already loaded in Unknown on line 0
[21-Apr-2026 12:10:33 UTC] PHP Warning:  PHP Startup: Unable to load dynamic library 'openssl' (tried: /usr/local/lib/php/extensions/no-debug-non-zts-20220829/openssl (/usr/local/lib/php/extensions/no-debug-non-zts-20220829/openssl: cannot open shared object file: No such file or directory), /usr/local/lib/php/extensions/no-debug-non-zts-20220829/openssl.so (/usr/local/lib/php/extensions/no-debug-non-zts-20220829/openssl.so: cannot open shared object file: No such file or directory)) in Unknown on line 0
[21-Apr-2026 12:10:33 UTC] PHP Warning:  Module "pdo_mysql" is already loaded in Unknown on line 0
[21-Apr-2026 12:10:33 UTC] PHP Warning:  Module "sockets" is already loaded in Unknown on line 0
[21-Apr-2026 12:10:33 UTC] Xdebug: [Config] The setting 'xdebug.remote_connect_back' has been renamed, see the upgrading guide at https://xdebug.org/docs/upgrade_guide#changed-xdebug.remote_connect_back (See: https://xdebug.org/docs/errors#CFG-C-CHANGED)
[21-Apr-2026 12:11:29 UTC] PHP Warning:  Module "curl" is already loaded in Unknown on line 0
[21-Apr-2026 12:11:29 UTC] PHP Warning:  Module "fileinfo" is already loaded in Unknown on line 0
[21-Apr-2026 12:11:29 UTC] PHP Warning:  Module "mbstring" is already loaded in Unknown on line 0
[21-Apr-2026 12:11:29 UTC] PHP Warning:  PHP Startup: Unable to load dynamic library 'openssl' (tried: /usr/local/lib/php/extensions/no-debug-non-zts-20220829/openssl (/usr/local/lib/php/extensions/no-debug-non-zts-20220829/openssl: cannot open shared object file: No such file or directory), /usr/local/lib/php/extensions/no-debug-non-zts-20220829/openssl.so (/usr/local/lib/php/extensions/no-debug-non-zts-20220829/openssl.so: cannot open shared object file: No such file or directory)) in Unknown on line 0
[21-Apr-2026 12:11:29 UTC] PHP Warning:  Module "pdo_mysql" is already loaded in Unknown on line 0
[21-Apr-2026 12:11:29 UTC] PHP Warning:  Module "sockets" is already loaded in Unknown on line 0
[21-Apr-2026 12:11:29 UTC] Xdebug: [Config] The setting 'xdebug.remote_connect_back' has been renamed, see the upgrading guide at https://xdebug.org/docs/upgrade_guide#changed-xdebug.remote_connect_back (See: https://xdebug.org/docs/errors#CFG-C-CHANGED)
[21-Apr-2026 12:46:20 UTC] Xdebug: [Step Debug] Could not connect to debugging client. Tried: host.docker.internal:9005 (through xdebug.client_host/xdebug.client_port).
[21-Apr-2026 12:47:05 UTC] Xdebug: [Step Debug] Could not connect to debugging client. Tried: host.docker.internal:9005 (through xdebug.client_host/xdebug.client_port).
[21-Apr-2026 12:48:14 UTC] Xdebug: [Step Debug] Could not connect to debugging client. Tried: host.docker.internal:9005 (through xdebug.client_host/xdebug.client_port).
[21-Apr-2026 12:49:37 UTC] Xdebug: [Step Debug] Could not connect to debugging client. Tried: host.docker.internal:9005 (through xdebug.client_host/xdebug.client_port).
[21-Apr-2026 12:49:37 UTC] Xdebug: [Step Debug] Could not connect to debugging client. Tried: host.docker.internal:9005 (through xdebug.client_host/xdebug.client_port).
[21-Apr-2026 12:49:37 UTC] Xdebug: [Step Debug] Could not connect to debugging client. Tried: host.docker.internal:9005 (through xdebug.client_host/xdebug.client_port).
[21-Apr-2026 12:49:38 UTC] Xdebug: [Step Debug] Could not connect to debugging client. Tried: host.docker.internal:9005 (through xdebug.client_host/xdebug.client_port).
[21-Apr-2026 12:49:38 UTC] PHP Warning:  mkdir(): File exists in /var/www/html/vendor/cassetta_attrezzi_php/cassetta_attrezzi_php/app/Classes/Variabili_globali_import.php on line 18
[21-Apr-2026 12:49:38 UTC] PHP Warning:  mkdir(): File exists in /var/www/html/vendor/cassetta_attrezzi_php/cassetta_attrezzi_php/app/Classes/Variabili_globali_import.php on line 18
[21-Apr-2026 12:49:38 UTC] PHP Warning:  foreach() argument must be of type array|object, bool given in /var/www/html/vendor/cassetta_attrezzi_php/cassetta_attrezzi_php/app/Classes/Variabili_globali_import.php on line 35
[21-Apr-2026 12:49:38 UTC] PHP Warning:  foreach() argument must be of type array|object, bool given in /var/www/html/vendor/cassetta_attrezzi_php/cassetta_attrezzi_php/app/Classes/Variabili_globali_import.php on line 35
[21-Apr-2026 12:49:38 UTC] PHP Warning:  foreach() argument must be of type array|object, bool given in /var/www/html/vendor/cassetta_attrezzi_php/cassetta_attrezzi_php/app/Classes/Variabili_globali_import.php on line 35
[21-Apr-2026 12:49:38 UTC] PHP Warning:  Trying to access array offset on value of type bool in /var/www/html/preleva_azioni_elaborazioni.php on line 23
[21-Apr-2026 12:49:38 UTC] PHP Warning:  foreach() argument must be of type array|object, bool given in /var/www/html/vendor/cassetta_attrezzi_php/cassetta_attrezzi_php/app/Classes/Variabili_globali_import.php on line 35
[21-Apr-2026 12:49:38 UTC] PHP Warning:  Trying to access array offset on value of type bool in /var/www/html/preleva_elaborazioni_in_corso.php on line 19
[21-Apr-2026 12:49:38 UTC] PHP Warning:  Trying to access array offset on value of type bool in /var/www/html/preleva_elaborazioni_concluse.php on line 21
[21-Apr-2026 12:49:38 UTC] PHP Warning:  Trying to access array offset on value of type bool in /var/www/html/preleva_lavori.php on line 19
[21-Apr-2026 12:49:38 UTC] PHP Warning:  foreach() argument must be of type array|object, bool given in /var/www/html/vendor/cassetta_attrezzi_php/cassetta_attrezzi_php/app/Classes/Variabili_globali_import.php on line 35
[21-Apr-2026 12:49:38 UTC] PHP Warning:  foreach() argument must be of type array|object, bool given in /var/www/html/vendor/cassetta_attrezzi_php/cassetta_attrezzi_php/app/Classes/Variabili_globali_import.php on line 35
[21-Apr-2026 12:49:38 UTC] PHP Warning:  foreach() argument must be of type array|object, bool given in /var/www/html/vendor/cassetta_attrezzi_php/cassetta_attrezzi_php/app/Classes/Variabili_globali_import.php on line 35
[21-Apr-2026 12:49:38 UTC] PHP Warning:  foreach() argument must be of type array|object, bool given in /var/www/html/vendor/cassetta_attrezzi_php/cassetta_attrezzi_php/app/Classes/Invia_mail.php on line 94
[21-Apr-2026 12:49:38 UTC] PHP Warning:  foreach() argument must be of type array|object, bool given in /var/www/html/vendor/cassetta_attrezzi_php/cassetta_attrezzi_php/app/Classes/Invia_mail.php on line 94
[21-Apr-2026 12:49:38 UTC] PHP Warning:  foreach() argument must be of type array|object, bool given in /var/www/html/vendor/cassetta_attrezzi_php/cassetta_attrezzi_php/app/Classes/Invia_mail.php on line 94
[21-Apr-2026 12:49:38 UTC] PHP Warning:  foreach() argument must be of type array|object, bool given in /var/www/html/vendor/cassetta_attrezzi_php/cassetta_attrezzi_php/app/Classes/Invia_mail.php on line 94
[21-Apr-2026 12:49:38 UTC] PHP Warning:  foreach() argument must be of type array|object, bool given in /var/www/html/vendor/cassetta_attrezzi_php/cassetta_attrezzi_php/app/Classes/Invia_mail.php on line 94
[21-Apr-2026 12:49:38 UTC] PHP Warning:  foreach() argument must be of type array|object, bool given in /var/www/html/vendor/cassetta_attrezzi_php/cassetta_attrezzi_php/app/Classes/Invia_mail.php on line 94
[21-Apr-2026 12:49:38 UTC] PHP Warning:  foreach() argument must be of type array|object, bool given in /var/www/html/vendor/cassetta_attrezzi_php/cassetta_attrezzi_php/app/Classes/Variabili_globali_import.php on line 35
[21-Apr-2026 12:49:38 UTC] PHP Warning:  foreach() argument must be of type array|object, bool given in /var/www/html/vendor/cassetta_attrezzi_php/cassetta_attrezzi_php/app/Classes/Variabili_globali_import.php on line 35
[21-Apr-2026 12:49:38 UTC] PHP Warning:  foreach() argument must be of type array|object, bool given in /var/www/html/vendor/cassetta_attrezzi_php/cassetta_attrezzi_php/app/Classes/Variabili_globali_import.php on line 35
[21-Apr-2026 12:49:38 UTC] PHP Warning:  foreach() argument must be of type array|object, bool given in /var/www/html/vendor/cassetta_attrezzi_php/cassetta_attrezzi_php/app/Classes/Gestione_db.php on line 61
[21-Apr-2026 12:49:38 UTC] PHP Warning:  foreach() argument must be of type array|object, bool given in /var/www/html/vendor/cassetta_attrezzi_php/cassetta_attrezzi_php/app/Classes/Gestione_db.php on line 61
[21-Apr-2026 12:49:38 UTC] PHP Warning:  foreach() argument must be of type array|object, bool given in /var/www/html/vendor/cassetta_attrezzi_php/cassetta_attrezzi_php/app/Classes/Gestione_db.php on line 61
[21-Apr-2026 12:55:06 UTC] Xdebug: [Step Debug] Could not connect to debugging client. Tried: host.docker.internal:9005 (through xdebug.client_host/xdebug.client_port).
[21-Apr-2026 12:55:06 UTC] Xdebug: [Step Debug] Could not connect to debugging client. Tried: host.docker.internal:9005 (through xdebug.client_host/xdebug.client_port).
[21-Apr-2026 12:55:06 UTC] Xdebug: [Step Debug] Could not connect to debugging client. Tried: host.docker.internal:9005 (through xdebug.client_host/xdebug.client_port).
[21-Apr-2026 12:55:06 UTC] Xdebug: [Step Debug] Could not connect to debugging client. Tried: host.docker.internal:9005 (through xdebug.client_host/xdebug.client_port).
[21-Apr-2026 12:55:07 UTC] PHP Warning:  foreach() argument must be of type array|object, bool given in /var/www/html/vendor/cassetta_attrezzi_php/cassetta_attrezzi_php/app/Classes/Variabili_globali_import.php on line 35
[21-Apr-2026 12:55:07 UTC] PHP Warning:  foreach() argument must be of type array|object, bool given in /var/www/html/vendor/cassetta_attrezzi_php/cassetta_attrezzi_php/app/Classes/Variabili_globali_import.php on line 35
[21-Apr-2026 12:55:07 UTC] PHP Warning:  foreach() argument must be of type array|object, bool given in /var/www/html/vendor/cassetta_attrezzi_php/cassetta_attrezzi_php/app/Classes/Variabili_globali_import.php on line 35
[21-Apr-2026 12:55:07 UTC] PHP Warning:  foreach() argument must be of type array|object, bool given in /var/www/html/vendor/cassetta_attrezzi_php/cassetta_attrezzi_php/app/Classes/Variabili_globali_import.php on line 35
[21-Apr-2026 12:55:07 UTC] PHP Warning:  Trying to access array offset on value of type bool in /var/www/html/preleva_azioni_elaborazioni.php on line 23
[21-Apr-2026 12:55:07 UTC] PHP Warning:  Trying to access array offset on value of type bool in /var/www/html/preleva_lavori.php on line 19
[21-Apr-2026 12:55:07 UTC] PHP Warning:  Trying to access array offset on value of type bool in /var/www/html/preleva_elaborazioni_in_corso.php on line 19
[21-Apr-2026 12:55:07 UTC] PHP Warning:  Trying to access array offset on value of type bool in /var/www/html/preleva_elaborazioni_concluse.php on line 21
[21-Apr-2026 12:55:07 UTC] PHP Warning:  foreach() argument must be of type array|object, bool given in /var/www/html/vendor/cassetta_attrezzi_php/cassetta_attrezzi_php/app/Classes/Variabili_globali_import.php on line 35
[21-Apr-2026 12:55:07 UTC] PHP Warning:  foreach() argument must be of type array|object, bool given in /var/www/html/vendor/cassetta_attrezzi_php/cassetta_attrezzi_php/app/Classes/Variabili_globali_import.php on line 35
[21-Apr-2026 12:55:07 UTC] PHP Warning:  foreach() argument must be of type array|object, bool given in /var/www/html/vendor/cassetta_attrezzi_php/cassetta_attrezzi_php/app/Classes/Variabili_globali_import.php on line 35
[21-Apr-2026 12:55:07 UTC] PHP Warning:  foreach() argument must be of type array|object, bool given in /var/www/html/vendor/cassetta_attrezzi_php/cassetta_attrezzi_php/app/Classes/Invia_mail.php on line 94
[21-Apr-2026 12:55:07 UTC] PHP Warning:  foreach() argument must be of type array|object, bool given in /var/www/html/vendor/cassetta_attrezzi_php/cassetta_attrezzi_php/app/Classes/Invia_mail.php on line 94
[21-Apr-2026 12:55:07 UTC] PHP Warning:  foreach() argument must be of type array|object, bool given in /var/www/html/vendor/cassetta_attrezzi_php/cassetta_attrezzi_php/app/Classes/Invia_mail.php on line 94
[21-Apr-2026 12:55:07 UTC] PHP Warning:  foreach() argument must be of type array|object, bool given in /var/www/html/vendor/cassetta_attrezzi_php/cassetta_attrezzi_php/app/Classes/Invia_mail.php on line 94
[21-Apr-2026 12:55:07 UTC] PHP Warning:  foreach() argument must be of type array|object, bool given in /var/www/html/vendor/cassetta_attrezzi_php/cassetta_attrezzi_php/app/Classes/Invia_mail.php on line 94
[21-Apr-2026 12:55:07 UTC] PHP Warning:  foreach() argument must be of type array|object, bool given in /var/www/html/vendor/cassetta_attrezzi_php/cassetta_attrezzi_php/app/Classes/Invia_mail.php on line 94
[21-Apr-2026 12:55:07 UTC] PHP Warning:  foreach() argument must be of type array|object, bool given in /var/www/html/vendor/cassetta_attrezzi_php/cassetta_attrezzi_php/app/Classes/Variabili_globali_import.php on line 35
[21-Apr-2026 12:55:07 UTC] PHP Warning:  foreach() argument must be of type array|object, bool given in /var/www/html/vendor/cassetta_attrezzi_php/cassetta_attrezzi_php/app/Classes/Variabili_globali_import.php on line 35
[21-Apr-2026 12:55:07 UTC] PHP Warning:  foreach() argument must be of type array|object, bool given in /var/www/html/vendor/cassetta_attrezzi_php/cassetta_attrezzi_php/app/Classes/Gestione_db.php on line 61
[21-Apr-2026 12:55:07 UTC] PHP Warning:  foreach() argument must be of type array|object, bool given in /var/www/html/vendor/cassetta_attrezzi_php/cassetta_attrezzi_php/app/Classes/Variabili_globali_import.php on line 35
[21-Apr-2026 12:55:07 UTC] PHP Warning:  foreach() argument must be of type array|object, bool given in /var/www/html/vendor/cassetta_attrezzi_php/cassetta_attrezzi_php/app/Classes/Gestione_db.php on line 61
[21-Apr-2026 12:55:07 UTC] PHP Warning:  foreach() argument must be of type array|object, bool given in /var/www/html/vendor/cassetta_attrezzi_php/cassetta_attrezzi_php/app/Classes/Gestione_db.php on line 61
[21-Apr-2026 12:55:10 UTC] Xdebug: [Step Debug] Could not connect to debugging client. Tried: host.docker.internal:9005 (through xdebug.client_host/xdebug.client_port).
[21-Apr-2026 12:55:10 UTC] Xdebug: [Step Debug] Could not connect to debugging client. Tried: host.docker.internal:9005 (through xdebug.client_host/xdebug.client_port).
[21-Apr-2026 12:55:10 UTC] Xdebug: [Step Debug] Could not connect to debugging client. Tried: host.docker.internal:9005 (through xdebug.client_host/xdebug.client_port).
[21-Apr-2026 12:55:10 UTC] Xdebug: [Step Debug] Could not connect to debugging client. Tried: host.docker.internal:9005 (through xdebug.client_host/xdebug.client_port).
[21-Apr-2026 12:55:10 UTC] PHP Warning:  foreach() argument must be of type array|object, bool given in /var/www/html/vendor/cassetta_attrezzi_php/cassetta_attrezzi_php/app/Classes/Variabili_globali_import.php on line 35
[21-Apr-2026 12:55:10 UTC] PHP Warning:  Trying to access array offset on value of type bool in /var/www/html/preleva_lavori.php on line 19
[21-Apr-2026 12:55:10 UTC] PHP Warning:  foreach() argument must be of type array|object, bool given in /var/www/html/vendor/cassetta_attrezzi_php/cassetta_attrezzi_php/app/Classes/Variabili_globali_import.php on line 35
[21-Apr-2026 12:55:10 UTC] PHP Warning:  foreach() argument must be of type array|object, bool given in /var/www/html/vendor/cassetta_attrezzi_php/cassetta_attrezzi_php/app/Classes/Variabili_globali_import.php on line 35
[21-Apr-2026 12:55:10 UTC] PHP Warning:  foreach() argument must be of type array|object, bool given in /var/www/html/vendor/cassetta_attrezzi_php/cassetta_attrezzi_php/app/Classes/Variabili_globali_import.php on line 35
[21-Apr-2026 12:55:10 UTC] PHP Warning:  foreach() argument must be of type array|object, bool given in /var/www/html/vendor/cassetta_attrezzi_php/cassetta_attrezzi_php/app/Classes/Invia_mail.php on line 94
[21-Apr-2026 12:55:10 UTC] PHP Warning:  foreach() argument must be of type array|object, bool given in /var/www/html/vendor/cassetta_attrezzi_php/cassetta_attrezzi_php/app/Classes/Variabili_globali_import.php on line 35
[21-Apr-2026 12:55:10 UTC] PHP Warning:  Trying to access array offset on value of type bool in /var/www/html/preleva_azioni_elaborazioni.php on line 23
[21-Apr-2026 12:55:10 UTC] PHP Warning:  foreach() argument must be of type array|object, bool given in /var/www/html/vendor/cassetta_attrezzi_php/cassetta_attrezzi_php/app/Classes/Invia_mail.php on line 94
[21-Apr-2026 12:55:10 UTC] PHP Warning:  foreach() argument must be of type array|object, bool given in /var/www/html/vendor/cassetta_attrezzi_php/cassetta_attrezzi_php/app/Classes/Variabili_globali_import.php on line 35
[21-Apr-2026 12:55:10 UTC] PHP Warning:  Trying to access array offset on value of type bool in /var/www/html/preleva_elaborazioni_in_corso.php on line 19
[21-Apr-2026 12:55:10 UTC] PHP Warning:  foreach() argument must be of type array|object, bool given in /var/www/html/vendor/cassetta_attrezzi_php/cassetta_attrezzi_php/app/Classes/Gestione_db.php on line 61
[21-Apr-2026 12:55:10 UTC] PHP Warning:  Trying to access array offset on value of type bool in /var/www/html/preleva_elaborazioni_concluse.php on line 21
[21-Apr-2026 12:55:10 UTC] PHP Warning:  foreach() argument must be of type array|object, bool given in /var/www/html/vendor/cassetta_attrezzi_php/cassetta_attrezzi_php/app/Classes/Variabili_globali_import.php on line 35
[21-Apr-2026 12:55:10 UTC] PHP Warning:  foreach() argument must be of type array|object, bool given in /var/www/html/vendor/cassetta_attrezzi_php/cassetta_attrezzi_php/app/Classes/Variabili_globali_import.php on line 35
[21-Apr-2026 12:55:10 UTC] PHP Warning:  foreach() argument must be of type array|object, bool given in /var/www/html/vendor/cassetta_attrezzi_php/cassetta_attrezzi_php/app/Classes/Invia_mail.php on line 94
[21-Apr-2026 12:55:10 UTC] PHP Warning:  foreach() argument must be of type array|object, bool given in /var/www/html/vendor/cassetta_attrezzi_php/cassetta_attrezzi_php/app/Classes/Invia_mail.php on line 94
[21-Apr-2026 12:55:10 UTC] PHP Warning:  foreach() argument must be of type array|object, bool given in /var/www/html/vendor/cassetta_attrezzi_php/cassetta_attrezzi_php/app/Classes/Invia_mail.php on line 94
[21-Apr-2026 12:55:10 UTC] PHP Warning:  foreach() argument must be of type array|object, bool given in /var/www/html/vendor/cassetta_attrezzi_php/cassetta_attrezzi_php/app/Classes/Invia_mail.php on line 94
[21-Apr-2026 12:55:10 UTC] PHP Warning:  foreach() argument must be of type array|object, bool given in /var/www/html/vendor/cassetta_attrezzi_php/cassetta_attrezzi_php/app/Classes/Variabili_globali_import.php on line 35
[21-Apr-2026 12:55:10 UTC] PHP Warning:  foreach() argument must be of type array|object, bool given in /var/www/html/vendor/cassetta_attrezzi_php/cassetta_attrezzi_php/app/Classes/Variabili_globali_import.php on line 35
[21-Apr-2026 12:55:10 UTC] PHP Warning:  foreach() argument must be of type array|object, bool given in /var/www/html/vendor/cassetta_attrezzi_php/cassetta_attrezzi_php/app/Classes/Gestione_db.php on line 61
[21-Apr-2026 12:55:10 UTC] PHP Warning:  foreach() argument must be of type array|object, bool given in /var/www/html/vendor/cassetta_attrezzi_php/cassetta_attrezzi_php/app/Classes/Gestione_db.php on line 61
[21-Apr-2026 12:55:33 UTC] Xdebug: [Step Debug] Could not connect to debugging client. Tried: host.docker.internal:9005 (through xdebug.client_host/xdebug.client_port).
[21-Apr-2026 12:55:33 UTC] Xdebug: [Step Debug] Could not connect to debugging client. Tried: host.docker.internal:9005 (through xdebug.client_host/xdebug.client_port).
[21-Apr-2026 12:55:33 UTC] Xdebug: [Step Debug] Could not connect to debugging client. Tried: host.docker.internal:9005 (through xdebug.client_host/xdebug.client_port).
[21-Apr-2026 12:55:33 UTC] Xdebug: [Step Debug] Could not connect to debugging client. Tried: host.docker.internal:9005 (through xdebug.client_host/xdebug.client_port).
[21-Apr-2026 12:55:33 UTC] PHP Warning:  foreach() argument must be of type array|object, bool given in /var/www/html/vendor/cassetta_attrezzi_php/cassetta_attrezzi_php/app/Classes/Variabili_globali_import.php on line 35
[21-Apr-2026 12:55:33 UTC] PHP Warning:  foreach() argument must be of type array|object, bool given in /var/www/html/vendor/cassetta_attrezzi_php/cassetta_attrezzi_php/app/Classes/Variabili_globali_import.php on line 35
[21-Apr-2026 12:55:33 UTC] PHP Warning:  foreach() argument must be of type array|object, bool given in /var/www/html/vendor/cassetta_attrezzi_php/cassetta_attrezzi_php/app/Classes/Variabili_globali_import.php on line 35
[21-Apr-2026 12:55:33 UTC] PHP Warning:  foreach() argument must be of type array|object, bool given in /var/www/html/vendor/cassetta_attrezzi_php/cassetta_attrezzi_php/app/Classes/Variabili_globali_import.php on line 35
[21-Apr-2026 12:55:33 UTC] PHP Warning:  Trying to access array offset on value of type bool in /var/www/html/preleva_azioni_elaborazioni.php on line 23
[21-Apr-2026 12:55:33 UTC] PHP Warning:  Trying to access array offset on value of type bool in /var/www/html/preleva_lavori.php on line 19
[21-Apr-2026 12:55:33 UTC] PHP Warning:  Trying to access array offset on value of type bool in /var/www/html/preleva_elaborazioni_in_corso.php on line 19
[21-Apr-2026 12:55:33 UTC] PHP Warning:  foreach() argument must be of type array|object, bool given in /var/www/html/vendor/cassetta_attrezzi_php/cassetta_attrezzi_php/app/Classes/Variabili_globali_import.php on line 35
[21-Apr-2026 12:55:33 UTC] PHP Warning:  Trying to access array offset on value of type bool in /var/www/html/preleva_elaborazioni_concluse.php on line 21
[21-Apr-2026 12:55:33 UTC] PHP Warning:  foreach() argument must be of type array|object, bool given in /var/www/html/vendor/cassetta_attrezzi_php/cassetta_attrezzi_php/app/Classes/Invia_mail.php on line 94
[21-Apr-2026 12:55:33 UTC] PHP Warning:  foreach() argument must be of type array|object, bool given in /var/www/html/vendor/cassetta_attrezzi_php/cassetta_attrezzi_php/app/Classes/Variabili_globali_import.php on line 35
[21-Apr-2026 12:55:34 UTC] PHP Warning:  foreach() argument must be of type array|object, bool given in /var/www/html/vendor/cassetta_attrezzi_php/cassetta_attrezzi_php/app/Classes/Variabili_globali_import.php on line 35
[21-Apr-2026 12:55:34 UTC] PHP Warning:  foreach() argument must be of type array|object, bool given in /var/www/html/vendor/cassetta_attrezzi_php/cassetta_attrezzi_php/app/Classes/Invia_mail.php on line 94
[21-Apr-2026 12:55:34 UTC] PHP Warning:  foreach() argument must be of type array|object, bool given in /var/www/html/vendor/cassetta_attrezzi_php/cassetta_attrezzi_php/app/Classes/Invia_mail.php on line 94
[21-Apr-2026 12:55:34 UTC] PHP Warning:  foreach() argument must be of type array|object, bool given in /var/www/html/vendor/cassetta_attrezzi_php/cassetta_attrezzi_php/app/Classes/Invia_mail.php on line 94
[21-Apr-2026 12:55:34 UTC] PHP Warning:  foreach() argument must be of type array|object, bool given in /var/www/html/vendor/cassetta_attrezzi_php/cassetta_attrezzi_php/app/Classes/Invia_mail.php on line 94
[21-Apr-2026 12:55:34 UTC] PHP Warning:  foreach() argument must be of type array|object, bool given in /var/www/html/vendor/cassetta_attrezzi_php/cassetta_attrezzi_php/app/Classes/Invia_mail.php on line 94
[21-Apr-2026 12:55:34 UTC] PHP Warning:  foreach() argument must be of type array|object, bool given in /var/www/html/vendor/cassetta_attrezzi_php/cassetta_attrezzi_php/app/Classes/Variabili_globali_import.php on line 35
[21-Apr-2026 12:55:34 UTC] PHP Warning:  foreach() argument must be of type array|object, bool given in /var/www/html/vendor/cassetta_attrezzi_php/cassetta_attrezzi_php/app/Classes/Variabili_globali_import.php on line 35
[21-Apr-2026 12:55:34 UTC] PHP Warning:  foreach() argument must be of type array|object, bool given in /var/www/html/vendor/cassetta_attrezzi_php/cassetta_attrezzi_php/app/Classes/Gestione_db.php on line 61
[21-Apr-2026 12:55:34 UTC] PHP Warning:  foreach() argument must be of type array|object, bool given in /var/www/html/vendor/cassetta_attrezzi_php/cassetta_attrezzi_php/app/Classes/Variabili_globali_import.php on line 35
[21-Apr-2026 12:55:34 UTC] PHP Warning:  foreach() argument must be of type array|object, bool given in /var/www/html/vendor/cassetta_attrezzi_php/cassetta_attrezzi_php/app/Classes/Gestione_db.php on line 61
[21-Apr-2026 12:55:34 UTC] PHP Warning:  foreach() argument must be of type array|object, bool given in /var/www/html/vendor/cassetta_attrezzi_php/cassetta_attrezzi_php/app/Classes/Gestione_db.php on line 61
[21-Apr-2026 12:55:34 UTC] Xdebug: [Step Debug] Could not connect to debugging client. Tried: host.docker.internal:9005 (through xdebug.client_host/xdebug.client_port).
[21-Apr-2026 12:55:34 UTC] Xdebug: [Step Debug] Could not connect to debugging client. Tried: host.docker.internal:9005 (through xdebug.client_host/xdebug.client_port).
[21-Apr-2026 12:55:34 UTC] Xdebug: [Step Debug] Could not connect to debugging client. Tried: host.docker.internal:9005 (through xdebug.client_host/xdebug.client_port).
[21-Apr-2026 12:55:34 UTC] Xdebug: [Step Debug] Could not connect to debugging client. Tried: host.docker.internal:9005 (through xdebug.client_host/xdebug.client_port).
[21-Apr-2026 12:55:34 UTC] PHP Warning:  foreach() argument must be of type array|object, bool given in /var/www/html/vendor/cassetta_attrezzi_php/cassetta_attrezzi_php/app/Classes/Variabili_globali_import.php on line 35
[21-Apr-2026 12:55:34 UTC] PHP Warning:  foreach() argument must be of type array|object, bool given in /var/www/html/vendor/cassetta_attrezzi_php/cassetta_attrezzi_php/app/Classes/Variabili_globali_import.php on line 35
[21-Apr-2026 12:55:34 UTC] PHP Warning:  foreach() argument must be of type array|object, bool given in /var/www/html/vendor/cassetta_attrezzi_php/cassetta_attrezzi_php/app/Classes/Variabili_globali_import.php on line 35
[21-Apr-2026 12:55:34 UTC] PHP Warning:  Trying to access array offset on value of type bool in /var/www/html/preleva_azioni_elaborazioni.php on line 23
[21-Apr-2026 12:55:34 UTC] PHP Warning:  foreach() argument must be of type array|object, bool given in /var/www/html/vendor/cassetta_attrezzi_php/cassetta_attrezzi_php/app/Classes/Variabili_globali_import.php on line 35
[21-Apr-2026 12:55:34 UTC] PHP Warning:  Trying to access array offset on value of type bool in /var/www/html/preleva_elaborazioni_in_corso.php on line 19
[21-Apr-2026 12:55:34 UTC] PHP Warning:  Trying to access array offset on value of type bool in /var/www/html/preleva_elaborazioni_concluse.php on line 21
[21-Apr-2026 12:55:34 UTC] PHP Warning:  foreach() argument must be of type array|object, bool given in /var/www/html/vendor/cassetta_attrezzi_php/cassetta_attrezzi_php/app/Classes/Variabili_globali_import.php on line 35
[21-Apr-2026 12:55:34 UTC] PHP Warning:  Trying to access array offset on value of type bool in /var/www/html/preleva_lavori.php on line 19
[21-Apr-2026 12:55:34 UTC] PHP Warning:  foreach() argument must be of type array|object, bool given in /var/www/html/vendor/cassetta_attrezzi_php/cassetta_attrezzi_php/app/Classes/Variabili_globali_import.php on line 35
[21-Apr-2026 12:55:34 UTC] PHP Warning:  foreach() argument must be of type array|object, bool given in /var/www/html/vendor/cassetta_attrezzi_php/cassetta_attrezzi_php/app/Classes/Invia_mail.php on line 94
[21-Apr-2026 12:55:34 UTC] PHP Warning:  foreach() argument must be of type array|object, bool given in /var/www/html/vendor/cassetta_attrezzi_php/cassetta_attrezzi_php/app/Classes/Variabili_globali_import.php on line 35
[21-Apr-2026 12:55:34 UTC] PHP Warning:  foreach() argument must be of type array|object, bool given in /var/www/html/vendor/cassetta_attrezzi_php/cassetta_attrezzi_php/app/Classes/Invia_mail.php on line 94
[21-Apr-2026 12:55:34 UTC] PHP Warning:  foreach() argument must be of type array|object, bool given in /var/www/html/vendor/cassetta_attrezzi_php/cassetta_attrezzi_php/app/Classes/Invia_mail.php on line 94
[21-Apr-2026 12:55:34 UTC] PHP Warning:  foreach() argument must be of type array|object, bool given in /var/www/html/vendor/cassetta_attrezzi_php/cassetta_attrezzi_php/app/Classes/Invia_mail.php on line 94
[21-Apr-2026 12:55:34 UTC] PHP Warning:  foreach() argument must be of type array|object, bool given in /var/www/html/vendor/cassetta_attrezzi_php/cassetta_attrezzi_php/app/Classes/Invia_mail.php on line 94
[21-Apr-2026 12:55:34 UTC] PHP Warning:  foreach() argument must be of type array|object, bool given in /var/www/html/vendor/cassetta_attrezzi_php/cassetta_attrezzi_php/app/Classes/Invia_mail.php on line 94
[21-Apr-2026 12:55:34 UTC] PHP Warning:  foreach() argument must be of type array|object, bool given in /var/www/html/vendor/cassetta_attrezzi_php/cassetta_attrezzi_php/app/Classes/Variabili_globali_import.php on line 35
[21-Apr-2026 12:55:34 UTC] PHP Warning:  foreach() argument must be of type array|object, bool given in /var/www/html/vendor/cassetta_attrezzi_php/cassetta_attrezzi_php/app/Classes/Variabili_globali_import.php on line 35
[21-Apr-2026 12:55:34 UTC] PHP Warning:  foreach() argument must be of type array|object, bool given in /var/www/html/vendor/cassetta_attrezzi_php/cassetta_attrezzi_php/app/Classes/Variabili_globali_import.php on line 35
[21-Apr-2026 12:55:34 UTC] PHP Warning:  foreach() argument must be of type array|object, bool given in /var/www/html/vendor/cassetta_attrezzi_php/cassetta_attrezzi_php/app/Classes/Gestione_db.php on line 61
[21-Apr-2026 12:55:34 UTC] PHP Warning:  foreach() argument must be of type array|object, bool given in /var/www/html/vendor/cassetta_attrezzi_php/cassetta_attrezzi_php/app/Classes/Gestione_db.php on line 61
[21-Apr-2026 12:55:34 UTC] PHP Warning:  foreach() argument must be of type array|object, bool given in /var/www/html/vendor/cassetta_attrezzi_php/cassetta_attrezzi_php/app/Classes/Gestione_db.php on line 61
[21-Apr-2026 13:04:01 UTC] Xdebug: [Step Debug] Could not connect to debugging client. Tried: host.docker.internal:9005 (through xdebug.client_host/xdebug.client_port).
[21-Apr-2026 13:04:01 UTC] Xdebug: [Step Debug] Could not connect to debugging client. Tried: host.docker.internal:9005 (through xdebug.client_host/xdebug.client_port).
[21-Apr-2026 13:04:01 UTC] Xdebug: [Step Debug] Could not connect to debugging client. Tried: host.docker.internal:9005 (through xdebug.client_host/xdebug.client_port).
[21-Apr-2026 13:04:01 UTC] Xdebug: [Step Debug] Could not connect to debugging client. Tried: host.docker.internal:9005 (through xdebug.client_host/xdebug.client_port).
[21-Apr-2026 13:04:01 UTC] PHP Warning:  foreach() argument must be of type array|object, bool given in /var/www/html/vendor/cassetta_attrezzi_php/cassetta_attrezzi_php/app/Classes/Variabili_globali_import.php on line 35
[21-Apr-2026 13:04:01 UTC] PHP Warning:  foreach() argument must be of type array|object, bool given in /var/www/html/vendor/cassetta_attrezzi_php/cassetta_attrezzi_php/app/Classes/Variabili_globali_import.php on line 35
[21-Apr-2026 13:04:01 UTC] PHP Warning:  foreach() argument must be of type array|object, bool given in /var/www/html/vendor/cassetta_attrezzi_php/cassetta_attrezzi_php/app/Classes/Variabili_globali_import.php on line 35
[21-Apr-2026 13:04:02 UTC] PHP Warning:  foreach() argument must be of type array|object, bool given in /var/www/html/vendor/cassetta_attrezzi_php/cassetta_attrezzi_php/app/Classes/Variabili_globali_import.php on line 35
[21-Apr-2026 13:04:02 UTC] PHP Warning:  Trying to access array offset on value of type bool in /var/www/html/preleva_azioni_elaborazioni.php on line 23
[21-Apr-2026 13:04:02 UTC] PHP Warning:  Trying to access array offset on value of type bool in /var/www/html/preleva_elaborazioni_in_corso.php on line 19
[21-Apr-2026 13:04:02 UTC] PHP Warning:  foreach() argument must be of type array|object, bool given in /var/www/html/vendor/cassetta_attrezzi_php/cassetta_attrezzi_php/app/Classes/Variabili_globali_import.php on line 35
[21-Apr-2026 13:04:02 UTC] PHP Warning:  Trying to access array offset on value of type bool in /var/www/html/preleva_lavori.php on line 19
[21-Apr-2026 13:04:02 UTC] PHP Warning:  foreach() argument must be of type array|object, bool given in /var/www/html/vendor/cassetta_attrezzi_php/cassetta_attrezzi_php/app/Classes/Variabili_globali_import.php on line 35
[21-Apr-2026 13:04:02 UTC] PHP Warning:  foreach() argument must be of type array|object, bool given in /var/www/html/vendor/cassetta_attrezzi_php/cassetta_attrezzi_php/app/Classes/Invia_mail.php on line 94
[21-Apr-2026 13:04:02 UTC] PHP Warning:  Trying to access array offset on value of type bool in /var/www/html/preleva_elaborazioni_concluse.php on line 21
[21-Apr-2026 13:04:02 UTC] PHP Warning:  foreach() argument must be of type array|object, bool given in /var/www/html/vendor/cassetta_attrezzi_php/cassetta_attrezzi_php/app/Classes/Variabili_globali_import.php on line 35
[21-Apr-2026 13:04:02 UTC] PHP Warning:  foreach() argument must be of type array|object, bool given in /var/www/html/vendor/cassetta_attrezzi_php/cassetta_attrezzi_php/app/Classes/Invia_mail.php on line 94
[21-Apr-2026 13:04:02 UTC] PHP Warning:  foreach() argument must be of type array|object, bool given in /var/www/html/vendor/cassetta_attrezzi_php/cassetta_attrezzi_php/app/Classes/Invia_mail.php on line 94
[21-Apr-2026 13:04:02 UTC] PHP Warning:  foreach() argument must be of type array|object, bool given in /var/www/html/vendor/cassetta_attrezzi_php/cassetta_attrezzi_php/app/Classes/Invia_mail.php on line 94
[21-Apr-2026 13:04:02 UTC] PHP Warning:  foreach() argument must be of type array|object, bool given in /var/www/html/vendor/cassetta_attrezzi_php/cassetta_attrezzi_php/app/Classes/Invia_mail.php on line 94
[21-Apr-2026 13:04:02 UTC] PHP Warning:  foreach() argument must be of type array|object, bool given in /var/www/html/vendor/cassetta_attrezzi_php/cassetta_attrezzi_php/app/Classes/Invia_mail.php on line 94
[21-Apr-2026 13:04:02 UTC] PHP Warning:  foreach() argument must be of type array|object, bool given in /var/www/html/vendor/cassetta_attrezzi_php/cassetta_attrezzi_php/app/Classes/Variabili_globali_import.php on line 35
[21-Apr-2026 13:04:02 UTC] PHP Warning:  foreach() argument must be of type array|object, bool given in /var/www/html/vendor/cassetta_attrezzi_php/cassetta_attrezzi_php/app/Classes/Gestione_db.php on line 61
[21-Apr-2026 13:04:02 UTC] PHP Warning:  foreach() argument must be of type array|object, bool given in /var/www/html/vendor/cassetta_attrezzi_php/cassetta_attrezzi_php/app/Classes/Variabili_globali_import.php on line 35
[21-Apr-2026 13:04:02 UTC] PHP Warning:  foreach() argument must be of type array|object, bool given in /var/www/html/vendor/cassetta_attrezzi_php/cassetta_attrezzi_php/app/Classes/Variabili_globali_import.php on line 35
[21-Apr-2026 13:04:02 UTC] PHP Warning:  foreach() argument must be of type array|object, bool given in /var/www/html/vendor/cassetta_attrezzi_php/cassetta_attrezzi_php/app/Classes/Gestione_db.php on line 61
[21-Apr-2026 13:04:02 UTC] PHP Warning:  foreach() argument must be of type array|object, bool given in /var/www/html/vendor/cassetta_attrezzi_php/cassetta_attrezzi_php/app/Classes/Gestione_db.php on line 61
[21-Apr-2026 13:04:02 UTC] Xdebug: [Step Debug] Could not connect to debugging client. Tried: host.docker.internal:9005 (through xdebug.client_host/xdebug.client_port).
[21-Apr-2026 13:04:02 UTC] PHP Warning:  foreach() argument must be of type array|object, bool given in /var/www/html/vendor/cassetta_attrezzi_php/cassetta_attrezzi_php/app/Classes/Variabili_globali_import.php on line 35
[21-Apr-2026 13:04:02 UTC] PHP Warning:  Trying to access array offset on value of type bool in /var/www/html/preleva_lavori.php on line 19
[21-Apr-2026 13:04:02 UTC] PHP Warning:  foreach() argument must be of type array|object, bool given in /var/www/html/vendor/cassetta_attrezzi_php/cassetta_attrezzi_php/app/Classes/Variabili_globali_import.php on line 35
[21-Apr-2026 13:04:02 UTC] PHP Warning:  foreach() argument must be of type array|object, bool given in /var/www/html/vendor/cassetta_attrezzi_php/cassetta_attrezzi_php/app/Classes/Invia_mail.php on line 94
[21-Apr-2026 13:04:02 UTC] PHP Warning:  foreach() argument must be of type array|object, bool given in /var/www/html/vendor/cassetta_attrezzi_php/cassetta_attrezzi_php/app/Classes/Invia_mail.php on line 94
[21-Apr-2026 13:04:02 UTC] PHP Warning:  foreach() argument must be of type array|object, bool given in /var/www/html/vendor/cassetta_attrezzi_php/cassetta_attrezzi_php/app/Classes/Variabili_globali_import.php on line 35
[21-Apr-2026 13:04:02 UTC] PHP Warning:  foreach() argument must be of type array|object, bool given in /var/www/html/vendor/cassetta_attrezzi_php/cassetta_attrezzi_php/app/Classes/Gestione_db.php on line 61
[21-Apr-2026 13:04:11 UTC] Xdebug: [Step Debug] Could not connect to debugging client. Tried: host.docker.internal:9005 (through xdebug.client_host/xdebug.client_port).
[21-Apr-2026 13:04:11 UTC] Xdebug: [Step Debug] Could not connect to debugging client. Tried: host.docker.internal:9005 (through xdebug.client_host/xdebug.client_port).
[21-Apr-2026 13:04:11 UTC] Xdebug: [Step Debug] Could not connect to debugging client. Tried: host.docker.internal:9005 (through xdebug.client_host/xdebug.client_port).
[21-Apr-2026 13:04:11 UTC] Xdebug: [Step Debug] Could not connect to debugging client. Tried: host.docker.internal:9005 (through xdebug.client_host/xdebug.client_port).
[21-Apr-2026 13:04:11 UTC] PHP Warning:  foreach() argument must be of type array|object, bool given in /var/www/html/vendor/cassetta_attrezzi_php/cassetta_attrezzi_php/app/Classes/Variabili_globali_import.php on line 35
[21-Apr-2026 13:04:11 UTC] PHP Warning:  foreach() argument must be of type array|object, bool given in /var/www/html/vendor/cassetta_attrezzi_php/cassetta_attrezzi_php/app/Classes/Variabili_globali_import.php on line 35
[21-Apr-2026 13:04:11 UTC] PHP Warning:  foreach() argument must be of type array|object, bool given in /var/www/html/vendor/cassetta_attrezzi_php/cassetta_attrezzi_php/app/Classes/Variabili_globali_import.php on line 35
[21-Apr-2026 13:04:11 UTC] PHP Warning:  foreach() argument must be of type array|object, bool given in /var/www/html/vendor/cassetta_attrezzi_php/cassetta_attrezzi_php/app/Classes/Variabili_globali_import.php on line 35
[21-Apr-2026 13:04:11 UTC] PHP Warning:  Trying to access array offset on value of type bool in /var/www/html/preleva_azioni_elaborazioni.php on line 23
[21-Apr-2026 13:04:11 UTC] PHP Warning:  Trying to access array offset on value of type bool in /var/www/html/preleva_lavori.php on line 19
[21-Apr-2026 13:04:11 UTC] PHP Warning:  Trying to access array offset on value of type bool in /var/www/html/preleva_elaborazioni_in_corso.php on line 19
[21-Apr-2026 13:04:11 UTC] PHP Warning:  foreach() argument must be of type array|object, bool given in /var/www/html/vendor/cassetta_attrezzi_php/cassetta_attrezzi_php/app/Classes/Variabili_globali_import.php on line 35
[21-Apr-2026 13:04:11 UTC] PHP Warning:  foreach() argument must be of type array|object, bool given in /var/www/html/vendor/cassetta_attrezzi_php/cassetta_attrezzi_php/app/Classes/Variabili_globali_import.php on line 35
[21-Apr-2026 13:04:11 UTC] PHP Warning:  foreach() argument must be of type array|object, bool given in /var/www/html/vendor/cassetta_attrezzi_php/cassetta_attrezzi_php/app/Classes/Invia_mail.php on line 94
[21-Apr-2026 13:04:11 UTC] PHP Warning:  foreach() argument must be of type array|object, bool given in /var/www/html/vendor/cassetta_attrezzi_php/cassetta_attrezzi_php/app/Classes/Invia_mail.php on line 94
[21-Apr-2026 13:04:11 UTC] PHP Warning:  Trying to access array offset on value of type bool in /var/www/html/preleva_elaborazioni_concluse.php on line 21
[21-Apr-2026 13:04:11 UTC] PHP Warning:  foreach() argument must be of type array|object, bool given in /var/www/html/vendor/cassetta_attrezzi_php/cassetta_attrezzi_php/app/Classes/Invia_mail.php on line 94
[21-Apr-2026 13:04:11 UTC] PHP Warning:  foreach() argument must be of type array|object, bool given in /var/www/html/vendor/cassetta_attrezzi_php/cassetta_attrezzi_php/app/Classes/Variabili_globali_import.php on line 35
[21-Apr-2026 13:04:11 UTC] PHP Warning:  foreach() argument must be of type array|object, bool given in /var/www/html/vendor/cassetta_attrezzi_php/cassetta_attrezzi_php/app/Classes/Invia_mail.php on line 94
[21-Apr-2026 13:04:11 UTC] PHP Warning:  foreach() argument must be of type array|object, bool given in /var/www/html/vendor/cassetta_attrezzi_php/cassetta_attrezzi_php/app/Classes/Invia_mail.php on line 94
[21-Apr-2026 13:04:11 UTC] PHP Warning:  foreach() argument must be of type array|object, bool given in /var/www/html/vendor/cassetta_attrezzi_php/cassetta_attrezzi_php/app/Classes/Variabili_globali_import.php on line 35
[21-Apr-2026 13:04:11 UTC] PHP Warning:  foreach() argument must be of type array|object, bool given in /var/www/html/vendor/cassetta_attrezzi_php/cassetta_attrezzi_php/app/Classes/Invia_mail.php on line 94
[21-Apr-2026 13:04:11 UTC] PHP Warning:  foreach() argument must be of type array|object, bool given in /var/www/html/vendor/cassetta_attrezzi_php/cassetta_attrezzi_php/app/Classes/Variabili_globali_import.php on line 35
[21-Apr-2026 13:04:11 UTC] PHP Warning:  foreach() argument must be of type array|object, bool given in /var/www/html/vendor/cassetta_attrezzi_php/cassetta_attrezzi_php/app/Classes/Gestione_db.php on line 61
[21-Apr-2026 13:04:11 UTC] PHP Warning:  foreach() argument must be of type array|object, bool given in /var/www/html/vendor/cassetta_attrezzi_php/cassetta_attrezzi_php/app/Classes/Gestione_db.php on line 61
[21-Apr-2026 13:04:11 UTC] PHP Warning:  foreach() argument must be of type array|object, bool given in /var/www/html/vendor/cassetta_attrezzi_php/cassetta_attrezzi_php/app/Classes/Variabili_globali_import.php on line 35
[21-Apr-2026 13:04:11 UTC] PHP Warning:  foreach() argument must be of type array|object, bool given in /var/www/html/vendor/cassetta_attrezzi_php/cassetta_attrezzi_php/app/Classes/Gestione_db.php on line 61
[21-Apr-2026 13:05:01 UTC] Xdebug: [Step Debug] Could not connect to debugging client. Tried: host.docker.internal:9005 (through xdebug.client_host/xdebug.client_port).
[21-Apr-2026 13:05:02 UTC] PHP Warning:  foreach() argument must be of type array|object, bool given in /var/www/html/vendor/cassetta_attrezzi_php/cassetta_attrezzi_php/app/Classes/Variabili_globali_import.php on line 35
[21-Apr-2026 13:05:02 UTC] PHP Warning:  Trying to access array offset on value of type bool in /var/www/html/preleva_lavori.php on line 19
[21-Apr-2026 13:05:02 UTC] PHP Warning:  foreach() argument must be of type array|object, bool given in /var/www/html/vendor/cassetta_attrezzi_php/cassetta_attrezzi_php/app/Classes/Variabili_globali_import.php on line 35
[21-Apr-2026 13:05:02 UTC] PHP Warning:  foreach() argument must be of type array|object, bool given in /var/www/html/vendor/cassetta_attrezzi_php/cassetta_attrezzi_php/app/Classes/Invia_mail.php on line 94
[21-Apr-2026 13:05:02 UTC] PHP Warning:  foreach() argument must be of type array|object, bool given in /var/www/html/vendor/cassetta_attrezzi_php/cassetta_attrezzi_php/app/Classes/Invia_mail.php on line 94
[21-Apr-2026 13:05:02 UTC] PHP Warning:  foreach() argument must be of type array|object, bool given in /var/www/html/vendor/cassetta_attrezzi_php/cassetta_attrezzi_php/app/Classes/Variabili_globali_import.php on line 35
[21-Apr-2026 13:05:02 UTC] PHP Warning:  foreach() argument must be of type array|object, bool given in /var/www/html/vendor/cassetta_attrezzi_php/cassetta_attrezzi_php/app/Classes/Gestione_db.php on line 61
[21-Apr-2026 13:06:29 UTC] Xdebug: [Step Debug] Could not connect to debugging client. Tried: host.docker.internal:9005 (through xdebug.client_host/xdebug.client_port).
[21-Apr-2026 13:06:29 UTC] PHP Warning:  foreach() argument must be of type array|object, bool given in /var/www/html/vendor/cassetta_attrezzi_php/cassetta_attrezzi_php/app/Classes/Variabili_globali_import.php on line 35
[21-Apr-2026 13:06:29 UTC] PHP Warning:  Trying to access array offset on value of type bool in /var/www/html/preleva_lavori.php on line 19
[21-Apr-2026 13:06:29 UTC] PHP Warning:  foreach() argument must be of type array|object, bool given in /var/www/html/vendor/cassetta_attrezzi_php/cassetta_attrezzi_php/app/Classes/Variabili_globali_import.php on line 35
[21-Apr-2026 13:06:29 UTC] PHP Warning:  foreach() argument must be of type array|object, bool given in /var/www/html/vendor/cassetta_attrezzi_php/cassetta_attrezzi_php/app/Classes/Invia_mail.php on line 94
[21-Apr-2026 13:06:29 UTC] PHP Warning:  foreach() argument must be of type array|object, bool given in /var/www/html/vendor/cassetta_attrezzi_php/cassetta_attrezzi_php/app/Classes/Invia_mail.php on line 94
[21-Apr-2026 13:06:29 UTC] PHP Warning:  foreach() argument must be of type array|object, bool given in /var/www/html/vendor/cassetta_attrezzi_php/cassetta_attrezzi_php/app/Classes/Variabili_globali_import.php on line 35
[21-Apr-2026 13:06:29 UTC] PHP Warning:  foreach() argument must be of type array|object, bool given in /var/www/html/vendor/cassetta_attrezzi_php/cassetta_attrezzi_php/app/Classes/Gestione_db.php on line 61
[21-Apr-2026 13:07:18 UTC] PHP Warning:  Module "curl" is already loaded in Unknown on line 0
[21-Apr-2026 13:07:18 UTC] PHP Warning:  Module "fileinfo" is already loaded in Unknown on line 0
[21-Apr-2026 13:07:18 UTC] PHP Warning:  Module "mbstring" is already loaded in Unknown on line 0
[21-Apr-2026 13:07:18 UTC] PHP Warning:  PHP Startup: Unable to load dynamic library 'openssl' (tried: /usr/local/lib/php/extensions/no-debug-non-zts-20220829/openssl (/usr/local/lib/php/extensions/no-debug-non-zts-20220829/openssl: cannot open shared object file: No such file or directory), /usr/local/lib/php/extensions/no-debug-non-zts-20220829/openssl.so (/usr/local/lib/php/extensions/no-debug-non-zts-20220829/openssl.so: cannot open shared object file: No such file or directory)) in Unknown on line 0
[21-Apr-2026 13:07:18 UTC] PHP Warning:  Module "pdo_mysql" is already loaded in Unknown on line 0
[21-Apr-2026 13:07:18 UTC] PHP Warning:  Module "sockets" is already loaded in Unknown on line 0
[21-Apr-2026 13:07:18 UTC] Xdebug: [Config] The setting 'xdebug.remote_connect_back' has been renamed, see the upgrading guide at https://xdebug.org/docs/upgrade_guide#changed-xdebug.remote_connect_back (See: https://xdebug.org/docs/errors#CFG-C-CHANGED)
[21-Apr-2026 13:14:01 UTC] PHP Warning:  Module "curl" is already loaded in Unknown on line 0
[21-Apr-2026 13:14:01 UTC] PHP Warning:  Module "fileinfo" is already loaded in Unknown on line 0
[21-Apr-2026 13:14:01 UTC] PHP Warning:  Module "mbstring" is already loaded in Unknown on line 0
[21-Apr-2026 13:14:01 UTC] PHP Warning:  PHP Startup: Unable to load dynamic library 'openssl' (tried: /usr/local/lib/php/extensions/no-debug-non-zts-20220829/openssl (/usr/local/lib/php/extensions/no-debug-non-zts-20220829/openssl: cannot open shared object file: No such file or directory), /usr/local/lib/php/extensions/no-debug-non-zts-20220829/openssl.so (/usr/local/lib/php/extensions/no-debug-non-zts-20220829/openssl.so: cannot open shared object file: No such file or directory)) in Unknown on line 0
[21-Apr-2026 13:14:01 UTC] PHP Warning:  Module "pdo_mysql" is already loaded in Unknown on line 0
[21-Apr-2026 13:14:01 UTC] PHP Warning:  Module "sockets" is already loaded in Unknown on line 0
[21-Apr-2026 13:14:01 UTC] Xdebug: [Config] The setting 'xdebug.remote_connect_back' has been renamed, see the upgrading guide at https://xdebug.org/docs/upgrade_guide#changed-xdebug.remote_connect_back (See: https://xdebug.org/docs/errors#CFG-C-CHANGED)
[21-Apr-2026 13:21:22 UTC] PHP Warning:  foreach() argument must be of type array|object, bool given in /var/www/html/vendor/cassetta_attrezzi_php/cassetta_attrezzi_php/app/Classes/Variabili_globali_import.php on line 35
[21-Apr-2026 13:21:22 UTC] PHP Warning:  foreach() argument must be of type array|object, bool given in /var/www/html/vendor/cassetta_attrezzi_php/cassetta_attrezzi_php/app/Classes/Variabili_globali_import.php on line 35
[21-Apr-2026 13:21:22 UTC] PHP Warning:  foreach() argument must be of type array|object, bool given in /var/www/html/vendor/cassetta_attrezzi_php/cassetta_attrezzi_php/app/Classes/Variabili_globali_import.php on line 35
[21-Apr-2026 13:21:22 UTC] PHP Warning:  Trying to access array offset on value of type bool in /var/www/html/preleva_azioni_elaborazioni.php on line 23
[21-Apr-2026 13:21:22 UTC] PHP Warning:  Trying to access array offset on value of type bool in /var/www/html/preleva_elaborazioni_in_corso.php on line 19
[21-Apr-2026 13:21:22 UTC] PHP Warning:  foreach() argument must be of type array|object, bool given in /var/www/html/vendor/cassetta_attrezzi_php/cassetta_attrezzi_php/app/Classes/Variabili_globali_import.php on line 35
[21-Apr-2026 13:21:22 UTC] PHP Warning:  foreach() argument must be of type array|object, bool given in /var/www/html/vendor/cassetta_attrezzi_php/cassetta_attrezzi_php/app/Classes/Invia_mail.php on line 94
[21-Apr-2026 13:21:22 UTC] PHP Warning:  foreach() argument must be of type array|object, bool given in /var/www/html/vendor/cassetta_attrezzi_php/cassetta_attrezzi_php/app/Classes/Invia_mail.php on line 94
[21-Apr-2026 13:21:22 UTC] PHP Warning:  Trying to access array offset on value of type bool in /var/www/html/preleva_elaborazioni_concluse.php on line 21
[21-Apr-2026 13:21:22 UTC] PHP Warning:  foreach() argument must be of type array|object, bool given in /var/www/html/vendor/cassetta_attrezzi_php/cassetta_attrezzi_php/app/Classes/Variabili_globali_import.php on line 35
[21-Apr-2026 13:21:22 UTC] PHP Warning:  foreach() argument must be of type array|object, bool given in /var/www/html/vendor/cassetta_attrezzi_php/cassetta_attrezzi_php/app/Classes/Invia_mail.php on line 94
[21-Apr-2026 13:21:22 UTC] PHP Warning:  foreach() argument must be of type array|object, bool given in /var/www/html/vendor/cassetta_attrezzi_php/cassetta_attrezzi_php/app/Classes/Invia_mail.php on line 94
[21-Apr-2026 13:21:22 UTC] PHP Warning:  foreach() argument must be of type array|object, bool given in /var/www/html/vendor/cassetta_attrezzi_php/cassetta_attrezzi_php/app/Classes/Variabili_globali_import.php on line 35
[21-Apr-2026 13:21:22 UTC] PHP Warning:  foreach() argument must be of type array|object, bool given in /var/www/html/vendor/cassetta_attrezzi_php/cassetta_attrezzi_php/app/Classes/Gestione_db.php on line 61
[21-Apr-2026 13:21:22 UTC] PHP Warning:  foreach() argument must be of type array|object, bool given in /var/www/html/vendor/cassetta_attrezzi_php/cassetta_attrezzi_php/app/Classes/Variabili_globali_import.php on line 35
[21-Apr-2026 13:21:22 UTC] PHP Warning:  foreach() argument must be of type array|object, bool given in /var/www/html/vendor/cassetta_attrezzi_php/cassetta_attrezzi_php/app/Classes/Gestione_db.php on line 61
[21-Apr-2026 13:21:22 UTC] PHP Warning:  foreach() argument must be of type array|object, bool given in /var/www/html/vendor/cassetta_attrezzi_php/cassetta_attrezzi_php/app/Classes/Variabili_globali_import.php on line 35
[21-Apr-2026 13:21:22 UTC] PHP Warning:  Trying to access array offset on value of type bool in /var/www/html/preleva_azioni_elaborazioni.php on line 23
[21-Apr-2026 13:21:23 UTC] PHP Warning:  foreach() argument must be of type array|object, bool given in /var/www/html/vendor/cassetta_attrezzi_php/cassetta_attrezzi_php/app/Classes/Variabili_globali_import.php on line 35
[21-Apr-2026 13:21:23 UTC] PHP Warning:  Trying to access array offset on value of type bool in /var/www/html/preleva_elaborazioni_concluse.php on line 21
[21-Apr-2026 13:21:23 UTC] PHP Warning:  foreach() argument must be of type array|object, bool given in /var/www/html/vendor/cassetta_attrezzi_php/cassetta_attrezzi_php/app/Classes/Variabili_globali_import.php on line 35
[21-Apr-2026 13:21:23 UTC] PHP Warning:  foreach() argument must be of type array|object, bool given in /var/www/html/vendor/cassetta_attrezzi_php/cassetta_attrezzi_php/app/Classes/Invia_mail.php on line 94
[21-Apr-2026 13:21:23 UTC] PHP Warning:  foreach() argument must be of type array|object, bool given in /var/www/html/vendor/cassetta_attrezzi_php/cassetta_attrezzi_php/app/Classes/Invia_mail.php on line 94
[21-Apr-2026 13:21:23 UTC] PHP Warning:  foreach() argument must be of type array|object, bool given in /var/www/html/vendor/cassetta_attrezzi_php/cassetta_attrezzi_php/app/Classes/Variabili_globali_import.php on line 35
[21-Apr-2026 13:21:23 UTC] PHP Warning:  foreach() argument must be of type array|object, bool given in /var/www/html/vendor/cassetta_attrezzi_php/cassetta_attrezzi_php/app/Classes/Gestione_db.php on line 61
[21-Apr-2026 13:21:23 UTC] PHP Warning:  foreach() argument must be of type array|object, bool given in /var/www/html/vendor/cassetta_attrezzi_php/cassetta_attrezzi_php/app/Classes/Variabili_globali_import.php on line 35
[21-Apr-2026 13:21:23 UTC] PHP Warning:  Trying to access array offset on value of type bool in /var/www/html/preleva_elaborazioni_in_corso.php on line 19
[21-Apr-2026 13:21:23 UTC] PHP Warning:  foreach() argument must be of type array|object, bool given in /var/www/html/vendor/cassetta_attrezzi_php/cassetta_attrezzi_php/app/Classes/Variabili_globali_import.php on line 35
[21-Apr-2026 13:21:23 UTC] PHP Warning:  foreach() argument must be of type array|object, bool given in /var/www/html/vendor/cassetta_attrezzi_php/cassetta_attrezzi_php/app/Classes/Invia_mail.php on line 94
[21-Apr-2026 13:21:23 UTC] PHP Warning:  foreach() argument must be of type array|object, bool given in /var/www/html/vendor/cassetta_attrezzi_php/cassetta_attrezzi_php/app/Classes/Invia_mail.php on line 94
[21-Apr-2026 13:21:23 UTC] PHP Warning:  foreach() argument must be of type array|object, bool given in /var/www/html/vendor/cassetta_attrezzi_php/cassetta_attrezzi_php/app/Classes/Variabili_globali_import.php on line 35
[21-Apr-2026 13:21:23 UTC] PHP Warning:  foreach() argument must be of type array|object, bool given in /var/www/html/vendor/cassetta_attrezzi_php/cassetta_attrezzi_php/app/Classes/Gestione_db.php on line 61
[21-Apr-2026 13:21:23 UTC] PHP Warning:  foreach() argument must be of type array|object, bool given in /var/www/html/vendor/cassetta_attrezzi_php/cassetta_attrezzi_php/app/Classes/Variabili_globali_import.php on line 35
[21-Apr-2026 13:21:23 UTC] PHP Warning:  Trying to access array offset on value of type bool in /var/www/html/preleva_elaborazioni_concluse.php on line 21
[21-Apr-2026 13:21:23 UTC] PHP Warning:  foreach() argument must be of type array|object, bool given in /var/www/html/vendor/cassetta_attrezzi_php/cassetta_attrezzi_php/app/Classes/Variabili_globali_import.php on line 35
[21-Apr-2026 13:21:23 UTC] PHP Warning:  foreach() argument must be of type array|object, bool given in /var/www/html/vendor/cassetta_attrezzi_php/cassetta_attrezzi_php/app/Classes/Invia_mail.php on line 94
[21-Apr-2026 13:21:23 UTC] PHP Warning:  foreach() argument must be of type array|object, bool given in /var/www/html/vendor/cassetta_attrezzi_php/cassetta_attrezzi_php/app/Classes/Invia_mail.php on line 94
[21-Apr-2026 13:21:23 UTC] PHP Warning:  foreach() argument must be of type array|object, bool given in /var/www/html/vendor/cassetta_attrezzi_php/cassetta_attrezzi_php/app/Classes/Variabili_globali_import.php on line 35
[21-Apr-2026 13:21:23 UTC] PHP Warning:  foreach() argument must be of type array|object, bool given in /var/www/html/vendor/cassetta_attrezzi_php/cassetta_attrezzi_php/app/Classes/Gestione_db.php on line 61
[21-Apr-2026 13:21:24 UTC] PHP Warning:  foreach() argument must be of type array|object, bool given in /var/www/html/vendor/cassetta_attrezzi_php/cassetta_attrezzi_php/app/Classes/Variabili_globali_import.php on line 35
[21-Apr-2026 13:21:24 UTC] PHP Warning:  Trying to access array offset on value of type bool in /var/www/html/preleva_elaborazioni_in_corso.php on line 19
[21-Apr-2026 13:21:24 UTC] PHP Warning:  foreach() argument must be of type array|object, bool given in /var/www/html/vendor/cassetta_attrezzi_php/cassetta_attrezzi_php/app/Classes/Variabili_globali_import.php on line 35
[21-Apr-2026 13:21:24 UTC] PHP Warning:  foreach() argument must be of type array|object, bool given in /var/www/html/vendor/cassetta_attrezzi_php/cassetta_attrezzi_php/app/Classes/Invia_mail.php on line 94
[21-Apr-2026 13:21:24 UTC] PHP Warning:  foreach() argument must be of type array|object, bool given in /var/www/html/vendor/cassetta_attrezzi_php/cassetta_attrezzi_php/app/Classes/Invia_mail.php on line 94
[21-Apr-2026 13:21:24 UTC] PHP Warning:  foreach() argument must be of type array|object, bool given in /var/www/html/vendor/cassetta_attrezzi_php/cassetta_attrezzi_php/app/Classes/Variabili_globali_import.php on line 35
[21-Apr-2026 13:21:24 UTC] PHP Warning:  foreach() argument must be of type array|object, bool given in /var/www/html/vendor/cassetta_attrezzi_php/cassetta_attrezzi_php/app/Classes/Gestione_db.php on line 61
[21-Apr-2026 13:21:24 UTC] PHP Warning:  foreach() argument must be of type array|object, bool given in /var/www/html/vendor/cassetta_attrezzi_php/cassetta_attrezzi_php/app/Classes/Variabili_globali_import.php on line 35
[21-Apr-2026 13:21:24 UTC] PHP Warning:  Trying to access array offset on value of type bool in /var/www/html/preleva_azioni_elaborazioni.php on line 23
[21-Apr-2026 13:21:33 UTC] PHP Warning:  foreach() argument must be of type array|object, bool given in /var/www/html/vendor/cassetta_attrezzi_php/cassetta_attrezzi_php/app/Classes/Variabili_globali_import.php on line 35
[21-Apr-2026 13:21:33 UTC] PHP Warning:  Trying to access array offset on value of type bool in /var/www/html/preleva_elaborazioni_concluse.php on line 21
[21-Apr-2026 13:21:33 UTC] PHP Warning:  foreach() argument must be of type array|object, bool given in /var/www/html/vendor/cassetta_attrezzi_php/cassetta_attrezzi_php/app/Classes/Variabili_globali_import.php on line 35
[21-Apr-2026 13:21:33 UTC] PHP Warning:  foreach() argument must be of type array|object, bool given in /var/www/html/vendor/cassetta_attrezzi_php/cassetta_attrezzi_php/app/Classes/Invia_mail.php on line 94
[21-Apr-2026 13:21:33 UTC] PHP Warning:  foreach() argument must be of type array|object, bool given in /var/www/html/vendor/cassetta_attrezzi_php/cassetta_attrezzi_php/app/Classes/Invia_mail.php on line 94
[21-Apr-2026 13:21:33 UTC] PHP Warning:  foreach() argument must be of type array|object, bool given in /var/www/html/vendor/cassetta_attrezzi_php/cassetta_attrezzi_php/app/Classes/Variabili_globali_import.php on line 35
[21-Apr-2026 13:21:33 UTC] PHP Warning:  foreach() argument must be of type array|object, bool given in /var/www/html/vendor/cassetta_attrezzi_php/cassetta_attrezzi_php/app/Classes/Gestione_db.php on line 61
[21-Apr-2026 13:21:33 UTC] PHP Warning:  foreach() argument must be of type array|object, bool given in /var/www/html/vendor/cassetta_attrezzi_php/cassetta_attrezzi_php/app/Classes/Variabili_globali_import.php on line 35
[21-Apr-2026 13:21:33 UTC] PHP Warning:  Trying to access array offset on value of type bool in /var/www/html/preleva_azioni_elaborazioni.php on line 23
[21-Apr-2026 13:21:34 UTC] PHP Warning:  foreach() argument must be of type array|object, bool given in /var/www/html/vendor/cassetta_attrezzi_php/cassetta_attrezzi_php/app/Classes/Variabili_globali_import.php on line 35
[21-Apr-2026 13:21:34 UTC] PHP Warning:  Trying to access array offset on value of type bool in /var/www/html/preleva_elaborazioni_in_corso.php on line 19
[21-Apr-2026 13:21:34 UTC] PHP Warning:  foreach() argument must be of type array|object, bool given in /var/www/html/vendor/cassetta_attrezzi_php/cassetta_attrezzi_php/app/Classes/Variabili_globali_import.php on line 35
[21-Apr-2026 13:21:34 UTC] PHP Warning:  foreach() argument must be of type array|object, bool given in /var/www/html/vendor/cassetta_attrezzi_php/cassetta_attrezzi_php/app/Classes/Invia_mail.php on line 94
[21-Apr-2026 13:21:34 UTC] PHP Warning:  foreach() argument must be of type array|object, bool given in /var/www/html/vendor/cassetta_attrezzi_php/cassetta_attrezzi_php/app/Classes/Invia_mail.php on line 94
[21-Apr-2026 13:21:34 UTC] PHP Warning:  foreach() argument must be of type array|object, bool given in /var/www/html/vendor/cassetta_attrezzi_php/cassetta_attrezzi_php/app/Classes/Variabili_globali_import.php on line 35
[21-Apr-2026 13:21:34 UTC] PHP Warning:  foreach() argument must be of type array|object, bool given in /var/www/html/vendor/cassetta_attrezzi_php/cassetta_attrezzi_php/app/Classes/Gestione_db.php on line 61
[21-Apr-2026 13:21:35 UTC] PHP Warning:  foreach() argument must be of type array|object, bool given in /var/www/html/vendor/cassetta_attrezzi_php/cassetta_attrezzi_php/app/Classes/Variabili_globali_import.php on line 35
[21-Apr-2026 13:21:36 UTC] PHP Warning:  Trying to access array offset on value of type bool in /var/www/html/preleva_lavori.php on line 19
[21-Apr-2026 13:21:36 UTC] PHP Warning:  foreach() argument must be of type array|object, bool given in /var/www/html/vendor/cassetta_attrezzi_php/cassetta_attrezzi_php/app/Classes/Variabili_globali_import.php on line 35
[21-Apr-2026 13:21:36 UTC] PHP Warning:  foreach() argument must be of type array|object, bool given in /var/www/html/vendor/cassetta_attrezzi_php/cassetta_attrezzi_php/app/Classes/Invia_mail.php on line 94
[21-Apr-2026 13:21:36 UTC] PHP Warning:  foreach() argument must be of type array|object, bool given in /var/www/html/vendor/cassetta_attrezzi_php/cassetta_attrezzi_php/app/Classes/Invia_mail.php on line 94
[21-Apr-2026 13:21:36 UTC] PHP Warning:  foreach() argument must be of type array|object, bool given in /var/www/html/vendor/cassetta_attrezzi_php/cassetta_attrezzi_php/app/Classes/Variabili_globali_import.php on line 35
[21-Apr-2026 13:21:36 UTC] PHP Warning:  foreach() argument must be of type array|object, bool given in /var/www/html/vendor/cassetta_attrezzi_php/cassetta_attrezzi_php/app/Classes/Gestione_db.php on line 61
[21-Apr-2026 13:21:46 UTC] PHP Warning:  foreach() argument must be of type array|object, bool given in /var/www/html/vendor/cassetta_attrezzi_php/cassetta_attrezzi_php/app/Classes/Variabili_globali_import.php on line 35
[21-Apr-2026 13:21:46 UTC] PHP Warning:  Trying to access array offset on value of type bool in /var/www/html/preleva_elaborazioni_in_corso.php on line 19
[21-Apr-2026 13:21:46 UTC] PHP Warning:  foreach() argument must be of type array|object, bool given in /var/www/html/vendor/cassetta_attrezzi_php/cassetta_attrezzi_php/app/Classes/Variabili_globali_import.php on line 35
[21-Apr-2026 13:21:46 UTC] PHP Warning:  foreach() argument must be of type array|object, bool given in /var/www/html/vendor/cassetta_attrezzi_php/cassetta_attrezzi_php/app/Classes/Invia_mail.php on line 94
[21-Apr-2026 13:21:46 UTC] PHP Warning:  foreach() argument must be of type array|object, bool given in /var/www/html/vendor/cassetta_attrezzi_php/cassetta_attrezzi_php/app/Classes/Invia_mail.php on line 94
[21-Apr-2026 13:21:46 UTC] PHP Warning:  foreach() argument must be of type array|object, bool given in /var/www/html/vendor/cassetta_attrezzi_php/cassetta_attrezzi_php/app/Classes/Variabili_globali_import.php on line 35
[21-Apr-2026 13:21:46 UTC] PHP Warning:  foreach() argument must be of type array|object, bool given in /var/www/html/vendor/cassetta_attrezzi_php/cassetta_attrezzi_php/app/Classes/Gestione_db.php on line 61
[21-Apr-2026 13:21:46 UTC] PHP Warning:  foreach() argument must be of type array|object, bool given in /var/www/html/vendor/cassetta_attrezzi_php/cassetta_attrezzi_php/app/Classes/Variabili_globali_import.php on line 35
[21-Apr-2026 13:21:46 UTC] PHP Warning:  Trying to access array offset on value of type bool in /var/www/html/preleva_azioni_elaborazioni.php on line 23
[21-Apr-2026 13:21:46 UTC] PHP Warning:  foreach() argument must be of type array|object, bool given in /var/www/html/vendor/cassetta_attrezzi_php/cassetta_attrezzi_php/app/Classes/Variabili_globali_import.php on line 35
[21-Apr-2026 13:21:46 UTC] PHP Warning:  Trying to access array offset on value of type bool in /var/www/html/preleva_elaborazioni_concluse.php on line 21
[21-Apr-2026 13:21:46 UTC] PHP Warning:  foreach() argument must be of type array|object, bool given in /var/www/html/vendor/cassetta_attrezzi_php/cassetta_attrezzi_php/app/Classes/Variabili_globali_import.php on line 35
[21-Apr-2026 13:21:46 UTC] PHP Warning:  foreach() argument must be of type array|object, bool given in /var/www/html/vendor/cassetta_attrezzi_php/cassetta_attrezzi_php/app/Classes/Invia_mail.php on line 94
[21-Apr-2026 13:21:46 UTC] PHP Warning:  foreach() argument must be of type array|object, bool given in /var/www/html/vendor/cassetta_attrezzi_php/cassetta_attrezzi_php/app/Classes/Invia_mail.php on line 94
[21-Apr-2026 13:21:46 UTC] PHP Warning:  foreach() argument must be of type array|object, bool given in /var/www/html/vendor/cassetta_attrezzi_php/cassetta_attrezzi_php/app/Classes/Variabili_globali_import.php on line 35
[21-Apr-2026 13:21:46 UTC] PHP Warning:  foreach() argument must be of type array|object, bool given in /var/www/html/vendor/cassetta_attrezzi_php/cassetta_attrezzi_php/app/Classes/Gestione_db.php on line 61
[21-Apr-2026 13:21:49 UTC] PHP Warning:  foreach() argument must be of type array|object, bool given in /var/www/html/vendor/cassetta_attrezzi_php/cassetta_attrezzi_php/app/Classes/Variabili_globali_import.php on line 35
[21-Apr-2026 13:22:40 UTC] PHP Warning:  Trying to access array offset on value of type bool in /var/www/html/preleva_lavori.php on line 19
[21-Apr-2026 13:22:40 UTC] PHP Warning:  foreach() argument must be of type array|object, bool given in /var/www/html/vendor/cassetta_attrezzi_php/cassetta_attrezzi_php/app/Classes/Variabili_globali_import.php on line 35
[21-Apr-2026 13:22:40 UTC] PHP Warning:  foreach() argument must be of type array|object, bool given in /var/www/html/vendor/cassetta_attrezzi_php/cassetta_attrezzi_php/app/Classes/Invia_mail.php on line 94
[21-Apr-2026 13:22:40 UTC] PHP Warning:  foreach() argument must be of type array|object, bool given in /var/www/html/vendor/cassetta_attrezzi_php/cassetta_attrezzi_php/app/Classes/Invia_mail.php on line 94
[21-Apr-2026 13:22:40 UTC] PHP Warning:  foreach() argument must be of type array|object, bool given in /var/www/html/vendor/cassetta_attrezzi_php/cassetta_attrezzi_php/app/Classes/Variabili_globali_import.php on line 35
[21-Apr-2026 13:22:40 UTC] PHP Warning:  foreach() argument must be of type array|object, bool given in /var/www/html/vendor/cassetta_attrezzi_php/cassetta_attrezzi_php/app/Classes/Gestione_db.php on line 61
[21-Apr-2026 13:22:43 UTC] PHP Warning:  foreach() argument must be of type array|object, bool given in /var/www/html/vendor/cassetta_attrezzi_php/cassetta_attrezzi_php/app/Classes/Variabili_globali_import.php on line 35
[21-Apr-2026 13:22:43 UTC] PHP Warning:  Trying to access array offset on value of type bool in /var/www/html/preleva_elaborazioni_concluse.php on line 21
[21-Apr-2026 13:22:43 UTC] PHP Warning:  foreach() argument must be of type array|object, bool given in /var/www/html/vendor/cassetta_attrezzi_php/cassetta_attrezzi_php/app/Classes/Variabili_globali_import.php on line 35
[21-Apr-2026 13:22:43 UTC] PHP Warning:  foreach() argument must be of type array|object, bool given in /var/www/html/vendor/cassetta_attrezzi_php/cassetta_attrezzi_php/app/Classes/Invia_mail.php on line 94
[21-Apr-2026 13:22:43 UTC] PHP Warning:  foreach() argument must be of type array|object, bool given in /var/www/html/vendor/cassetta_attrezzi_php/cassetta_attrezzi_php/app/Classes/Invia_mail.php on line 94
[21-Apr-2026 13:22:43 UTC] PHP Warning:  foreach() argument must be of type array|object, bool given in /var/www/html/vendor/cassetta_attrezzi_php/cassetta_attrezzi_php/app/Classes/Variabili_globali_import.php on line 35
[21-Apr-2026 13:22:43 UTC] PHP Warning:  foreach() argument must be of type array|object, bool given in /var/www/html/vendor/cassetta_attrezzi_php/cassetta_attrezzi_php/app/Classes/Gestione_db.php on line 61
[21-Apr-2026 13:22:43 UTC] PHP Warning:  foreach() argument must be of type array|object, bool given in /var/www/html/vendor/cassetta_attrezzi_php/cassetta_attrezzi_php/app/Classes/Variabili_globali_import.php on line 35
[21-Apr-2026 13:22:43 UTC] PHP Warning:  Trying to access array offset on value of type bool in /var/www/html/preleva_elaborazioni_in_corso.php on line 19
[21-Apr-2026 13:22:43 UTC] PHP Warning:  foreach() argument must be of type array|object, bool given in /var/www/html/vendor/cassetta_attrezzi_php/cassetta_attrezzi_php/app/Classes/Variabili_globali_import.php on line 35
[21-Apr-2026 13:22:43 UTC] PHP Warning:  foreach() argument must be of type array|object, bool given in /var/www/html/vendor/cassetta_attrezzi_php/cassetta_attrezzi_php/app/Classes/Invia_mail.php on line 94
[21-Apr-2026 13:22:43 UTC] PHP Warning:  foreach() argument must be of type array|object, bool given in /var/www/html/vendor/cassetta_attrezzi_php/cassetta_attrezzi_php/app/Classes/Invia_mail.php on line 94
[21-Apr-2026 13:22:43 UTC] PHP Warning:  foreach() argument must be of type array|object, bool given in /var/www/html/vendor/cassetta_attrezzi_php/cassetta_attrezzi_php/app/Classes/Variabili_globali_import.php on line 35
[21-Apr-2026 13:22:43 UTC] PHP Warning:  foreach() argument must be of type array|object, bool given in /var/www/html/vendor/cassetta_attrezzi_php/cassetta_attrezzi_php/app/Classes/Gestione_db.php on line 61
[21-Apr-2026 13:22:43 UTC] PHP Warning:  foreach() argument must be of type array|object, bool given in /var/www/html/vendor/cassetta_attrezzi_php/cassetta_attrezzi_php/app/Classes/Variabili_globali_import.php on line 35
[21-Apr-2026 13:22:43 UTC] PHP Warning:  Trying to access array offset on value of type bool in /var/www/html/preleva_azioni_elaborazioni.php on line 23
[21-Apr-2026 13:23:55 UTC] PHP Warning:  Module "curl" is already loaded in Unknown on line 0
[21-Apr-2026 13:23:55 UTC] PHP Warning:  Module "fileinfo" is already loaded in Unknown on line 0
[21-Apr-2026 13:23:55 UTC] PHP Warning:  Module "mbstring" is already loaded in Unknown on line 0
[21-Apr-2026 13:23:55 UTC] PHP Warning:  PHP Startup: Unable to load dynamic library 'openssl' (tried: /usr/local/lib/php/extensions/no-debug-non-zts-20220829/openssl (/usr/local/lib/php/extensions/no-debug-non-zts-20220829/openssl: cannot open shared object file: No such file or directory), /usr/local/lib/php/extensions/no-debug-non-zts-20220829/openssl.so (/usr/local/lib/php/extensions/no-debug-non-zts-20220829/openssl.so: cannot open shared object file: No such file or directory)) in Unknown on line 0
[21-Apr-2026 13:23:56 UTC] PHP Warning:  Module "pdo_mysql" is already loaded in Unknown on line 0
[21-Apr-2026 13:23:56 UTC] PHP Warning:  Module "sockets" is already loaded in Unknown on line 0
[21-Apr-2026 13:23:56 UTC] Xdebug: [Config] The setting 'xdebug.remote_connect_back' has been renamed, see the upgrading guide at https://xdebug.org/docs/upgrade_guide#changed-xdebug.remote_connect_back (See: https://xdebug.org/docs/errors#CFG-C-CHANGED)
[22-Apr-2026 07:42:20 UTC] PHP Warning:  Module "curl" is already loaded in Unknown on line 0
[22-Apr-2026 07:42:20 UTC] PHP Warning:  Module "fileinfo" is already loaded in Unknown on line 0
[22-Apr-2026 07:42:20 UTC] PHP Warning:  Module "mbstring" is already loaded in Unknown on line 0
[22-Apr-2026 07:42:20 UTC] PHP Warning:  PHP Startup: Unable to load dynamic library 'openssl' (tried: /usr/local/lib/php/extensions/no-debug-non-zts-20220829/openssl (/usr/local/lib/php/extensions/no-debug-non-zts-20220829/openssl: cannot open shared object file: No such file or directory), /usr/local/lib/php/extensions/no-debug-non-zts-20220829/openssl.so (/usr/local/lib/php/extensions/no-debug-non-zts-20220829/openssl.so: cannot open shared object file: No such file or directory)) in Unknown on line 0
[22-Apr-2026 07:42:20 UTC] PHP Warning:  Module "pdo_mysql" is already loaded in Unknown on line 0
[22-Apr-2026 07:42:20 UTC] PHP Warning:  Module "sockets" is already loaded in Unknown on line 0
[22-Apr-2026 07:42:20 UTC] Xdebug: [Config] The setting 'xdebug.remote_connect_back' has been renamed, see the upgrading guide at https://xdebug.org/docs/upgrade_guide#changed-xdebug.remote_connect_back (See: https://xdebug.org/docs/errors#CFG-C-CHANGED)
